#
# There is insufficient memory for the Java Runtime Environment to continue.
# Native memory allocation (malloc) failed to allocate 249056 bytes for Chunk::new
# Possible reasons:
#   The system is out of physical RAM or swap space
#   The process is running with CompressedOops enabled, and the Java Heap may be blocking the growth of the native heap
# Possible solutions:
#   Reduce memory load on the system
#   Increase physical memory or swap space
#   Check if swap backing store is full
#   Decrease Java heap size (-Xmx/-Xms)
#   Decrease number of Java threads
#   Decrease Java thread stack sizes (-Xss)
#   Set larger code cache with -XX:ReservedCodeCacheSize=
#   JVM is running with Unscaled Compressed Oops mode in which the Java heap is
#     placed in the first 4GB address space. The Java Heap base address is the
#     maximum limit for the native heap growth. Please use -XX:HeapBaseMinAddress
#     to set the Java Heap base and to place the Java Heap above 4GB virtual address.
# This output file may be truncated or incomplete.
#
#  Out of Memory Error (arena.cpp:168), pid=5380, tid=15600
#
# JRE version: Java(TM) SE Runtime Environment (21.0.6+8) (build 21.0.6+8-LTS-188)
# Java VM: Java HotSpot(TM) 64-Bit Server VM (21.0.6+8-LTS-188, mixed mode, sharing, tiered, compressed oops, compressed class ptrs, g1 gc, windows-amd64)
# No core dump will be written. Minidumps are not enabled by default on client versions of Windows
#

---------------  S U M M A R Y ------------

Command Line: -Dclassworlds.conf=C:\apache-maven-3.9.9\bin\m2.conf -Dmaven.home=C:\apache-maven-3.9.9 -Dlibrary.jansi.path=C:\apache-maven-3.9.9\lib\jansi-native -Dmaven.multiModuleProjectDirectory=C:\Users\android\Desktop\Cab-Booking-Application org.codehaus.plexus.classworlds.launcher.Launcher clean compile

Host: Intel(R) Xeon(R) Platinum 8272CL CPU @ 2.60GHz, 2 cores, 7G,  Windows 11 , 64 bit Build 26100 (10.0.26100.3037)
Time: Thu Mar 13 15:56:50 2025 India Standard Time elapsed time: 39.306535 seconds (0d 0h 0m 39s)

---------------  T H R E A D  ---------------

Current thread (0x000002667b13df10):  JavaThread "C2 CompilerThread0" daemon [_thread_in_native, id=15600, stack(0x0000009e92c00000,0x0000009e92d00000) (1024K)]


Current CompileTask:
C2:  39306 6817       4       com.sun.tools.javac.tree.TreeInfo::getStartPos (789 bytes)

Stack: [0x0000009e92c00000,0x0000009e92d00000]
Native frames: (J=compiled Java code, j=interpreted, Vv=VM code, C=native code)
V  [jvm.dll+0x6ca6d9]
V  [jvm.dll+0x854f51]
V  [jvm.dll+0x85747e]
V  [jvm.dll+0x857b53]
V  [jvm.dll+0x27dcc6]
V  [jvm.dll+0xc4c2d]
V  [jvm.dll+0xc5163]
V  [jvm.dll+0x3b515c]
V  [jvm.dll+0x381855]
V  [jvm.dll+0x380cca]
V  [jvm.dll+0x246920]
V  [jvm.dll+0x245eff]
V  [jvm.dll+0x1c6d2e]
V  [jvm.dll+0x2554f9]
V  [jvm.dll+0x253a8a]
V  [jvm.dll+0x3ee576]
V  [jvm.dll+0x7ff2fb]
V  [jvm.dll+0x6c8dbd]
C  [ucrtbase.dll+0x37b0]
C  [KERNEL32.DLL+0x2e8d7]
C  [ntdll.dll+0xbbf2c]


---------------  P R O C E S S  ---------------

Threads class SMR info:
_java_thread_list=0x0000026654a11d40, length=12, elements={
0x000002666dd09240, 0x000002667b132ce0, 0x000002667b133a20, 0x000002667b139fc0,
0x000002667b13ab00, 0x000002667b13b640, 0x000002667b13c180, 0x000002667b13df10,
0x000002667b19be60, 0x0000026654200770, 0x00000266542113e0, 0x0000026654e85680
}

Java Threads: ( => current thread )
  0x000002666dd09240 JavaThread "main"                              [_thread_in_Java, id=20452, stack(0x0000009e91d00000,0x0000009e91e00000) (1024K)]
  0x000002667b132ce0 JavaThread "Reference Handler"          daemon [_thread_blocked, id=10404, stack(0x0000009e92600000,0x0000009e92700000) (1024K)]
  0x000002667b133a20 JavaThread "Finalizer"                  daemon [_thread_blocked, id=6440, stack(0x0000009e92700000,0x0000009e92800000) (1024K)]
  0x000002667b139fc0 JavaThread "Signal Dispatcher"          daemon [_thread_blocked, id=18036, stack(0x0000009e92800000,0x0000009e92900000) (1024K)]
  0x000002667b13ab00 JavaThread "Attach Listener"            daemon [_thread_blocked, id=15632, stack(0x0000009e92900000,0x0000009e92a00000) (1024K)]
  0x000002667b13b640 JavaThread "Service Thread"             daemon [_thread_blocked, id=5320, stack(0x0000009e92a00000,0x0000009e92b00000) (1024K)]
  0x000002667b13c180 JavaThread "Monitor Deflation Thread"   daemon [_thread_blocked, id=3876, stack(0x0000009e92b00000,0x0000009e92c00000) (1024K)]
=>0x000002667b13df10 JavaThread "C2 CompilerThread0"         daemon [_thread_in_native, id=15600, stack(0x0000009e92c00000,0x0000009e92d00000) (1024K)]
  0x000002667b19be60 JavaThread "C1 CompilerThread0"         daemon [_thread_blocked, id=15068, stack(0x0000009e92d00000,0x0000009e92e00000) (1024K)]
  0x0000026654200770 JavaThread "Notification Thread"        daemon [_thread_blocked, id=8292, stack(0x0000009e92e00000,0x0000009e92f00000) (1024K)]
  0x00000266542113e0 JavaThread "Common-Cleaner"             daemon [_thread_blocked, id=12880, stack(0x0000009e92f00000,0x0000009e93000000) (1024K)]
  0x0000026654e85680 JavaThread "Thread-1"                   daemon [_thread_blocked, id=14548, stack(0x0000009e93100000,0x0000009e93200000) (1024K)]
Total: 12

Other Threads:
  0x000002667b10fc50 VMThread "VM Thread"                           [id=19492, stack(0x0000009e92500000,0x0000009e92600000) (1024K)]
  0x000002667b0ff140 WatcherThread "VM Periodic Task Thread"        [id=17572, stack(0x0000009e92400000,0x0000009e92500000) (1024K)]
  0x000002666dd59c20 WorkerThread "GC Thread#0"                     [id=15788, stack(0x0000009e91f00000,0x0000009e92000000) (1024K)]
  0x00000266545e22a0 WorkerThread "GC Thread#1"                     [id=16596, stack(0x0000009e93000000,0x0000009e93100000) (1024K)]
  0x000002666dd6af50 ConcurrentGCThread "G1 Main Marker"            [id=3932, stack(0x0000009e92000000,0x0000009e92100000) (1024K)]
  0x000002666dd6c8d0 WorkerThread "G1 Conc#0"                       [id=3036, stack(0x0000009e92100000,0x0000009e92200000) (1024K)]
  0x000002667afc20c0 ConcurrentGCThread "G1 Refine#0"               [id=11104, stack(0x0000009e92200000,0x0000009e92300000) (1024K)]
  0x000002666ddc9ee0 ConcurrentGCThread "G1 Service"                [id=19916, stack(0x0000009e92300000,0x0000009e92400000) (1024K)]
Total: 8

Threads with active compile tasks:
C2 CompilerThread0    39349 6817       4       com.sun.tools.javac.tree.TreeInfo::getStartPos (789 bytes)
Total: 1

VM state: not at safepoint (normal execution)

VM Mutex/Monitor currently owned by a thread: None

Heap address: 0x0000000080c00000, size: 2036 MB, Compressed Oops mode: 32-bit

CDS archive(s) mapped at: [0x000002660f000000-0x000002660fc90000-0x000002660fc90000), size 13172736, SharedBaseAddress: 0x000002660f000000, ArchiveRelocationMode: 1.
Compressed class space mapped at: 0x0000026610000000-0x0000026650000000, reserved size: 1073741824
Narrow klass base: 0x000002660f000000, Narrow klass shift: 0, Narrow klass range: 0x100000000

GC Precious Log:
 CardTable entry size: 512
 Card Set container configuration: InlinePtr #cards 5 size 8 Array Of Cards #cards 12 size 40 Howl #buckets 4 coarsen threshold 1843 Howl Bitmap #cards 512 size 80 coarsen threshold 460 Card regions per heap region 1 cards per card region 2048
 CPUs: 2 total, 2 available
 Memory: 8140M
 Large Page Support: Disabled
 NUMA Support: Disabled
 Compressed Oops: Enabled (32-bit)
 Heap Region Size: 1M
 Heap Min Capacity: 8M
 Heap Initial Capacity: 128M
 Heap Max Capacity: 2036M
 Pre-touch: Disabled
 Parallel Workers: 2
 Concurrent Workers: 1
 Concurrent Refinement Workers: 2
 Periodic GC: Disabled

Heap:
 garbage-first heap   total 45056K, used 33553K [0x0000000080c00000, 0x0000000100000000)
  region size 1024K, 16 young (16384K), 3 survivors (3072K)
 Metaspace       used 28319K, committed 28736K, reserved 1114112K
  class space    used 3116K, committed 3328K, reserved 1048576K

Heap Regions: E=young(eden), S=young(survivor), O=old, HS=humongous(starts), HC=humongous(continues), CS=collection set, F=free, TAMS=top-at-mark-start, PB=parsable bottom
|   0|0x0000000080c00000, 0x0000000080d00000, 0x0000000080d00000|100%| O|  |TAMS 0x0000000080c00000| PB 0x0000000080c00000| Untracked 
|   1|0x0000000080d00000, 0x0000000080e00000, 0x0000000080e00000|100%| O|  |TAMS 0x0000000080d00000| PB 0x0000000080d00000| Untracked 
|   2|0x0000000080e00000, 0x0000000080f00000, 0x0000000080f00000|100%| O|  |TAMS 0x0000000080e00000| PB 0x0000000080e00000| Untracked 
|   3|0x0000000080f00000, 0x0000000081000000, 0x0000000081000000|100%| O|  |TAMS 0x0000000080f00000| PB 0x0000000080f00000| Untracked 
|   4|0x0000000081000000, 0x0000000081100000, 0x0000000081100000|100%| O|  |TAMS 0x0000000081000000| PB 0x0000000081000000| Untracked 
|   5|0x0000000081100000, 0x0000000081200000, 0x0000000081200000|100%| O|  |TAMS 0x0000000081100000| PB 0x0000000081100000| Untracked 
|   6|0x0000000081200000, 0x0000000081300000, 0x0000000081300000|100%| O|  |TAMS 0x0000000081200000| PB 0x0000000081200000| Untracked 
|   7|0x0000000081300000, 0x0000000081400000, 0x0000000081400000|100%| O|  |TAMS 0x0000000081300000| PB 0x0000000081300000| Untracked 
|   8|0x0000000081400000, 0x0000000081500000, 0x0000000081500000|100%| O|  |TAMS 0x0000000081400000| PB 0x0000000081400000| Untracked 
|   9|0x0000000081500000, 0x0000000081500000, 0x0000000081600000|  0%| F|  |TAMS 0x0000000081500000| PB 0x0000000081500000| Untracked 
|  10|0x0000000081600000, 0x0000000081700000, 0x0000000081700000|100%| O|  |TAMS 0x0000000081600000| PB 0x0000000081600000| Untracked 
|  11|0x0000000081700000, 0x0000000081800000, 0x0000000081800000|100%| O|  |TAMS 0x0000000081700000| PB 0x0000000081700000| Untracked 
|  12|0x0000000081800000, 0x0000000081900000, 0x0000000081900000|100%| O|  |TAMS 0x0000000081800000| PB 0x0000000081800000| Untracked 
|  13|0x0000000081900000, 0x0000000081a00000, 0x0000000081a00000|100%| O|  |TAMS 0x0000000081900000| PB 0x0000000081900000| Untracked 
|  14|0x0000000081a00000, 0x0000000081a00000, 0x0000000081b00000|  0%| F|  |TAMS 0x0000000081a00000| PB 0x0000000081a00000| Untracked 
|  15|0x0000000081b00000, 0x0000000081b00000, 0x0000000081c00000|  0%| F|  |TAMS 0x0000000081b00000| PB 0x0000000081b00000| Untracked 
|  16|0x0000000081c00000, 0x0000000081c00000, 0x0000000081d00000|  0%| F|  |TAMS 0x0000000081c00000| PB 0x0000000081c00000| Untracked 
|  17|0x0000000081d00000, 0x0000000081d00000, 0x0000000081e00000|  0%| F|  |TAMS 0x0000000081d00000| PB 0x0000000081d00000| Untracked 
|  18|0x0000000081e00000, 0x0000000081f00000, 0x0000000081f00000|100%| O|  |TAMS 0x0000000081e00000| PB 0x0000000081e00000| Untracked 
|  19|0x0000000081f00000, 0x0000000082000000, 0x0000000082000000|100%| O|  |TAMS 0x0000000081f00000| PB 0x0000000081f00000| Untracked 
|  20|0x0000000082000000, 0x0000000082100000, 0x0000000082100000|100%| O|  |TAMS 0x0000000082000000| PB 0x0000000082000000| Untracked 
|  21|0x0000000082100000, 0x0000000082200000, 0x0000000082200000|100%| O|  |TAMS 0x0000000082100000| PB 0x0000000082100000| Untracked 
|  22|0x0000000082200000, 0x00000000822c4760, 0x0000000082300000| 76%| O|  |TAMS 0x0000000082200000| PB 0x0000000082200000| Untracked 
|  23|0x0000000082300000, 0x0000000082400000, 0x0000000082400000|100%| S|CS|TAMS 0x0000000082300000| PB 0x0000000082300000| Complete 
|  24|0x0000000082400000, 0x0000000082500000, 0x0000000082500000|100%| S|CS|TAMS 0x0000000082400000| PB 0x0000000082400000| Complete 
|  25|0x0000000082500000, 0x0000000082600000, 0x0000000082600000|100%| S|CS|TAMS 0x0000000082500000| PB 0x0000000082500000| Complete 
|  26|0x0000000082600000, 0x0000000082600000, 0x0000000082700000|  0%| F|  |TAMS 0x0000000082600000| PB 0x0000000082600000| Untracked 
|  27|0x0000000082700000, 0x0000000082700000, 0x0000000082800000|  0%| F|  |TAMS 0x0000000082700000| PB 0x0000000082700000| Untracked 
|  28|0x0000000082800000, 0x0000000082800000, 0x0000000082900000|  0%| F|  |TAMS 0x0000000082800000| PB 0x0000000082800000| Untracked 
|  29|0x0000000082900000, 0x0000000082900000, 0x0000000082a00000|  0%| F|  |TAMS 0x0000000082900000| PB 0x0000000082900000| Untracked 
|  30|0x0000000082a00000, 0x0000000082a00000, 0x0000000082b00000|  0%| F|  |TAMS 0x0000000082a00000| PB 0x0000000082a00000| Untracked 
|  31|0x0000000082b00000, 0x0000000082bc0940, 0x0000000082c00000| 75%| E|  |TAMS 0x0000000082b00000| PB 0x0000000082b00000| Complete 
|  32|0x0000000082c00000, 0x0000000082d00000, 0x0000000082d00000|100%| E|CS|TAMS 0x0000000082c00000| PB 0x0000000082c00000| Complete 
|  33|0x0000000082d00000, 0x0000000082e00000, 0x0000000082e00000|100%| E|CS|TAMS 0x0000000082d00000| PB 0x0000000082d00000| Complete 
|  34|0x0000000082e00000, 0x0000000082f00000, 0x0000000082f00000|100%| E|CS|TAMS 0x0000000082e00000| PB 0x0000000082e00000| Complete 
|  35|0x0000000082f00000, 0x0000000083000000, 0x0000000083000000|100%| E|CS|TAMS 0x0000000082f00000| PB 0x0000000082f00000| Complete 
|  36|0x0000000083000000, 0x0000000083100000, 0x0000000083100000|100%| E|CS|TAMS 0x0000000083000000| PB 0x0000000083000000| Complete 
|  37|0x0000000083100000, 0x0000000083200000, 0x0000000083200000|100%| E|CS|TAMS 0x0000000083100000| PB 0x0000000083100000| Complete 
|  38|0x0000000083200000, 0x0000000083300000, 0x0000000083300000|100%| E|CS|TAMS 0x0000000083200000| PB 0x0000000083200000| Complete 
|  39|0x0000000083300000, 0x0000000083400000, 0x0000000083400000|100%| E|CS|TAMS 0x0000000083300000| PB 0x0000000083300000| Complete 
|  40|0x0000000083400000, 0x0000000083500000, 0x0000000083500000|100%| E|CS|TAMS 0x0000000083400000| PB 0x0000000083400000| Complete 
|  78|0x0000000085a00000, 0x0000000085b00000, 0x0000000085b00000|100%| E|CS|TAMS 0x0000000085a00000| PB 0x0000000085a00000| Complete 
|  79|0x0000000085b00000, 0x0000000085c00000, 0x0000000085c00000|100%| E|CS|TAMS 0x0000000085b00000| PB 0x0000000085b00000| Complete 
|  80|0x0000000085c00000, 0x0000000085d00000, 0x0000000085d00000|100%| E|CS|TAMS 0x0000000085c00000| PB 0x0000000085c00000| Complete 

Card table byte_map: [0x00000266769b0000,0x0000026676db0000] _byte_map_base: 0x00000266765aa000

Marking Bits: (CMBitMap*) 0x000002666dd5a7f0
 Bits: [0x0000026676db0000, 0x0000026678d80000)

Polling page: 0x000002666c4a0000

Metaspace:

Usage:
  Non-class:     24.61 MB used.
      Class:      3.04 MB used.
       Both:     27.66 MB used.

Virtual space:
  Non-class space:       64.00 MB reserved,      24.81 MB ( 39%) committed,  1 nodes.
      Class space:        1.00 GB reserved,       3.25 MB ( <1%) committed,  1 nodes.
             Both:        1.06 GB reserved,      28.06 MB (  3%) committed. 

Chunk freelists:
   Non-Class:  7.02 MB
       Class:  12.73 MB
        Both:  19.75 MB

MaxMetaspaceSize: unlimited
CompressedClassSpaceSize: 1.00 GB
Initial GC threshold: 21.00 MB
Current GC threshold: 35.25 MB
CDS: on
 - commit_granule_bytes: 65536.
 - commit_granule_words: 8192.
 - virtual_space_node_default_size: 8388608.
 - enlarge_chunks_in_place: 1.
 - use_allocation_guard: 0.


Internal statistics:

num_allocs_failed_limit: 3.
num_arena_births: 244.
num_arena_deaths: 0.
num_vsnodes_births: 2.
num_vsnodes_deaths: 0.
num_space_committed: 449.
num_space_uncommitted: 0.
num_chunks_returned_to_freelist: 3.
num_chunks_taken_from_freelist: 1196.
num_chunk_merges: 3.
num_chunk_splits: 886.
num_chunks_enlarged: 742.
num_inconsistent_stats: 0.

CodeHeap 'non-profiled nmethods': size=120064Kb used=3428Kb max_used=3428Kb free=116635Kb
 bounds [0x0000026607ac0000, 0x0000026607e20000, 0x000002660f000000]
CodeHeap 'profiled nmethods': size=120000Kb used=16385Kb max_used=16385Kb free=103614Kb
 bounds [0x0000026600000000, 0x0000026601010000, 0x0000026607530000]
CodeHeap 'non-nmethods': size=5696Kb used=1601Kb max_used=1647Kb free=4094Kb
 bounds [0x0000026607530000, 0x00000266077a0000, 0x0000026607ac0000]
 total_blobs=7370 nmethods=6837 adapters=437
 compilation: enabled
              stopped_count=0, restarted_count=0
 full_count=0

Compilation events (20 events):
Event: 39.167 Thread 0x000002667b19be60 nmethod 6806 0x0000026600fed290 code [0x0000026600fed4a0, 0x0000026600fed9e8]
Event: 39.184 Thread 0x000002667b19be60 6808       3       com.sun.tools.javac.tree.TreeScanner::visitAssignop (17 bytes)
Event: 39.185 Thread 0x000002667b19be60 nmethod 6808 0x0000026600fedb90 code [0x0000026600fedd60, 0x0000026600fee018]
Event: 39.185 Thread 0x000002667b19be60 6809       3       com.sun.tools.javac.comp.Operators$BinaryNumericOperator$$Lambda/0x00000266102e29f8::test (8 bytes)
Event: 39.185 Thread 0x000002667b19be60 nmethod 6809 0x0000026600fee110 code [0x0000026600fee2c0, 0x0000026600fee588]
Event: 39.186 Thread 0x000002667b13df10 6810       4       com.sun.tools.javac.comp.Attr$ResultInfo::<init> (18 bytes)
Event: 39.186 Thread 0x000002667b19be60 6811       3       com.sun.tools.javac.comp.Operators::operatorName (10 bytes)
Event: 39.186 Thread 0x000002667b19be60 nmethod 6811 0x0000026600fee690 code [0x0000026600fee840, 0x0000026600feea18]
Event: 39.192 Thread 0x000002667b13df10 nmethod 6810 0x0000026607e18990 code [0x0000026607e18b40, 0x0000026607e190a8]
Event: 39.201 Thread 0x000002667b19be60 6812       3       com.sun.tools.javac.comp.Operators$$Lambda/0x0000026610330ca0::test (16 bytes)
Event: 39.201 Thread 0x000002667b19be60 nmethod 6812 0x0000026600feeb90 code [0x0000026600feed60, 0x0000026600fef0a0]
Event: 39.201 Thread 0x000002667b19be60 6813       3       com.sun.tools.javac.comp.Operators::lambda$resolveBinary$3 (7 bytes)
Event: 39.201 Thread 0x000002667b19be60 nmethod 6813 0x0000026600fef190 code [0x0000026600fef340, 0x0000026600fef508]
Event: 39.232 Thread 0x000002667b19be60 6814       3       com.sun.tools.javac.tree.JCTree$JCWhileLoop::getTag (4 bytes)
Event: 39.232 Thread 0x000002667b19be60 nmethod 6814 0x0000026600fef610 code [0x0000026600fef7a0, 0x0000026600fef8b8]
Event: 39.241 Thread 0x000002667b19be60 6815       3       com.sun.tools.javac.comp.Attr$$Lambda/0x0000026610330a78::<init> (10 bytes)
Event: 39.241 Thread 0x000002667b19be60 nmethod 6815 0x0000026600fef990 code [0x0000026600fefb40, 0x0000026600fefcf8]
Event: 39.251 Thread 0x000002667b19be60 6816       3       com.sun.tools.javac.comp.Lower::translate (25 bytes)
Event: 39.252 Thread 0x000002667b19be60 nmethod 6816 0x0000026600fefd90 code [0x0000026600feff40, 0x0000026600ff0178]
Event: 39.263 Thread 0x000002667b13df10 6817       4       com.sun.tools.javac.tree.TreeInfo::getStartPos (789 bytes)

GC Heap History (14 events):
Event: 1.368 GC heap before
{Heap before GC invocations=0 (full 0):
 garbage-first heap   total 131072K, used 5120K [0x0000000080c00000, 0x0000000100000000)
  region size 1024K, 6 young (6144K), 0 survivors (0K)
 Metaspace       used 2036K, committed 2176K, reserved 1114112K
  class space    used 193K, committed 256K, reserved 1048576K
}
Event: 1.373 GC heap after
{Heap after GC invocations=1 (full 0):
 garbage-first heap   total 131072K, used 1989K [0x0000000080c00000, 0x0000000100000000)
  region size 1024K, 1 young (1024K), 1 survivors (1024K)
 Metaspace       used 2036K, committed 2176K, reserved 1114112K
  class space    used 193K, committed 256K, reserved 1048576K
}
Event: 2.024 GC heap before
{Heap before GC invocations=1 (full 0):
 garbage-first heap   total 131072K, used 6085K [0x0000000080c00000, 0x0000000100000000)
  region size 1024K, 6 young (6144K), 1 survivors (1024K)
 Metaspace       used 3425K, committed 3584K, reserved 1114112K
  class space    used 346K, committed 448K, reserved 1048576K
}
Event: 2.032 GC heap after
{Heap after GC invocations=2 (full 0):
 garbage-first heap   total 131072K, used 3259K [0x0000000080c00000, 0x0000000100000000)
  region size 1024K, 1 young (1024K), 1 survivors (1024K)
 Metaspace       used 3425K, committed 3584K, reserved 1114112K
  class space    used 346K, committed 448K, reserved 1048576K
}
Event: 3.019 GC heap before
{Heap before GC invocations=2 (full 0):
 garbage-first heap   total 131072K, used 12475K [0x0000000080c00000, 0x0000000100000000)
  region size 1024K, 11 young (11264K), 1 survivors (1024K)
 Metaspace       used 5686K, committed 5888K, reserved 1114112K
  class space    used 655K, committed 768K, reserved 1048576K
}
Event: 3.024 GC heap after
{Heap after GC invocations=3 (full 0):
 garbage-first heap   total 131072K, used 4054K [0x0000000080c00000, 0x0000000100000000)
  region size 1024K, 2 young (2048K), 2 survivors (2048K)
 Metaspace       used 5686K, committed 5888K, reserved 1114112K
  class space    used 655K, committed 768K, reserved 1048576K
}
Event: 12.954 GC heap before
{Heap before GC invocations=3 (full 0):
 garbage-first heap   total 131072K, used 78806K [0x0000000080c00000, 0x0000000100000000)
  region size 1024K, 76 young (77824K), 2 survivors (2048K)
 Metaspace       used 16469K, committed 16768K, reserved 1114112K
  class space    used 1933K, committed 2048K, reserved 1048576K
}
Event: 12.982 GC heap after
{Heap after GC invocations=4 (full 0):
 garbage-first heap   total 131072K, used 9687K [0x0000000080c00000, 0x0000000100000000)
  region size 1024K, 8 young (8192K), 8 survivors (8192K)
 Metaspace       used 16469K, committed 16768K, reserved 1114112K
  class space    used 1933K, committed 2048K, reserved 1048576K
}
Event: 22.054 GC heap before
{Heap before GC invocations=4 (full 0):
 garbage-first heap   total 131072K, used 56791K [0x0000000080c00000, 0x0000000100000000)
  region size 1024K, 55 young (56320K), 8 survivors (8192K)
 Metaspace       used 21185K, committed 21504K, reserved 1114112K
  class space    used 2476K, committed 2624K, reserved 1048576K
}
Event: 22.081 GC heap after
{Heap after GC invocations=5 (full 0):
 garbage-first heap   total 131072K, used 12633K [0x0000000080c00000, 0x0000000100000000)
  region size 1024K, 3 young (3072K), 3 survivors (3072K)
 Metaspace       used 21185K, committed 21504K, reserved 1114112K
  class space    used 2476K, committed 2624K, reserved 1048576K
}
Event: 28.067 GC heap before
{Heap before GC invocations=6 (full 0):
 garbage-first heap   total 45056K, used 36185K [0x0000000080c00000, 0x0000000100000000)
  region size 1024K, 26 young (26624K), 3 survivors (3072K)
 Metaspace       used 25958K, committed 26368K, reserved 1114112K
  class space    used 2921K, committed 3136K, reserved 1048576K
}
Event: 28.088 GC heap after
{Heap after GC invocations=7 (full 0):
 garbage-first heap   total 45056K, used 17753K [0x0000000080c00000, 0x0000000100000000)
  region size 1024K, 4 young (4096K), 4 survivors (4096K)
 Metaspace       used 25958K, committed 26368K, reserved 1114112K
  class space    used 2921K, committed 3136K, reserved 1048576K
}
Event: 33.951 GC heap before
{Heap before GC invocations=7 (full 0):
 garbage-first heap   total 45056K, used 35161K [0x0000000080c00000, 0x0000000100000000)
  region size 1024K, 22 young (22528K), 4 survivors (4096K)
 Metaspace       used 27639K, committed 27968K, reserved 1114112K
  class space    used 3094K, committed 3264K, reserved 1048576K
}
Event: 33.970 GC heap after
{Heap after GC invocations=8 (full 0):
 garbage-first heap   total 45056K, used 21265K [0x0000000080c00000, 0x0000000100000000)
  region size 1024K, 3 young (3072K), 3 survivors (3072K)
 Metaspace       used 27639K, committed 27968K, reserved 1114112K
  class space    used 3094K, committed 3264K, reserved 1048576K
}

Dll operation events (8 events):
Event: 0.110 Loaded shared library C:\Program Files\Java\jdk-21\bin\java.dll
Event: 0.244 Loaded shared library C:\Program Files\Java\jdk-21\bin\jsvml.dll
Event: 0.399 Loaded shared library C:\Program Files\Java\jdk-21\bin\net.dll
Event: 0.403 Loaded shared library C:\Program Files\Java\jdk-21\bin\nio.dll
Event: 0.414 Loaded shared library C:\Program Files\Java\jdk-21\bin\zip.dll
Event: 1.173 Loaded shared library C:\apache-maven-3.9.9\lib\jansi-native\Windows\x86_64\jansi.dll
Event: 1.211 Loaded shared library C:\Program Files\Java\jdk-21\bin\jimage.dll
Event: 1.223 Loaded shared library C:\Program Files\Java\jdk-21\bin\verify.dll

Deoptimization events (20 events):
Event: 36.324 Thread 0x000002666dd09240 Uncommon trap: trap_request=0xffffffde fr.pc=0x0000026607dd3c30 relative=0x0000000000000270
Event: 36.324 Thread 0x000002666dd09240 Uncommon trap: reason=class_check action=maybe_recompile pc=0x0000026607dd3c30 method=com.sun.tools.javac.code.Types.rank(Lcom/sun/tools/javac/code/Type;)I @ 4 c2
Event: 36.324 Thread 0x000002666dd09240 DEOPT PACKING pc=0x0000026607dd3c30 sp=0x0000009e91dfbe70
Event: 36.324 Thread 0x000002666dd09240 DEOPT UNPACKING pc=0x0000026607587da2 sp=0x0000009e91dfbe08 mode 2
Event: 36.484 Thread 0x000002666dd09240 Uncommon trap: trap_request=0xffffff45 fr.pc=0x0000026607de4524 relative=0x0000000000000464
Event: 36.484 Thread 0x000002666dd09240 Uncommon trap: reason=unstable_if action=reinterpret pc=0x0000026607de4524 method=com.sun.tools.javac.code.Types$15.visitClassType(Lcom/sun/tools/javac/code/Type$ClassType;Ljava/lang/Void;)Lcom/sun/tools/javac/code/Type; @ 75 c2
Event: 36.484 Thread 0x000002666dd09240 DEOPT PACKING pc=0x0000026607de4524 sp=0x0000009e91dfc540
Event: 36.484 Thread 0x000002666dd09240 DEOPT UNPACKING pc=0x0000026607587da2 sp=0x0000009e91dfc480 mode 2
Event: 36.494 Thread 0x000002666dd09240 Uncommon trap: trap_request=0xffffff45 fr.pc=0x0000026607ddeeb0 relative=0x0000000000000170
Event: 36.494 Thread 0x000002666dd09240 Uncommon trap: reason=unstable_if action=reinterpret pc=0x0000026607ddeeb0 method=com.sun.tools.javac.jvm.Code.width(Lcom/sun/tools/javac/code/Type;)I @ 1 c2
Event: 36.494 Thread 0x000002666dd09240 DEOPT PACKING pc=0x0000026607ddeeb0 sp=0x0000009e91dfc550
Event: 36.494 Thread 0x000002666dd09240 DEOPT UNPACKING pc=0x0000026607587da2 sp=0x0000009e91dfc4f0 mode 2
Event: 36.568 Thread 0x000002666dd09240 Uncommon trap: trap_request=0xffffff45 fr.pc=0x0000026607de59fc relative=0x00000000000005fc
Event: 36.568 Thread 0x000002666dd09240 Uncommon trap: reason=unstable_if action=reinterpret pc=0x0000026607de59fc method=com.sun.tools.javac.tree.TreeInfo.getStartPos(Lcom/sun/tools/javac/tree/JCTree;)I @ 17 c2
Event: 36.568 Thread 0x000002666dd09240 DEOPT PACKING pc=0x0000026607de59fc sp=0x0000009e91dfcd20
Event: 36.568 Thread 0x000002666dd09240 DEOPT UNPACKING pc=0x0000026607587da2 sp=0x0000009e91dfcca8 mode 2
Event: 37.562 Thread 0x000002666dd09240 Uncommon trap: trap_request=0xffffffc6 fr.pc=0x0000026607df1384 relative=0x0000000000000324
Event: 37.562 Thread 0x000002666dd09240 Uncommon trap: reason=bimorphic_or_optimized_type_check action=maybe_recompile pc=0x0000026607df1384 method=com.sun.tools.javac.code.Scope$Entry.next(Ljava/util/function/Predicate;)Lcom/sun/tools/javac/code/Scope$Entry; @ 22 c2
Event: 37.562 Thread 0x000002666dd09240 DEOPT PACKING pc=0x0000026607df1384 sp=0x0000009e91dfd530
Event: 37.562 Thread 0x000002666dd09240 DEOPT UNPACKING pc=0x0000026607587da2 sp=0x0000009e91dfd3c8 mode 2

Classes loaded (20 events):
Event: 31.629 Loading class java/util/stream/ReduceOps$1
Event: 31.629 Loading class java/util/stream/ReduceOps$1 done
Event: 31.631 Loading class java/util/stream/ReduceOps$1ReducingSink
Event: 31.631 Loading class java/util/stream/ReduceOps$1ReducingSink done
Event: 31.860 Loading class java/nio/file/Path$1
Event: 31.861 Loading class java/nio/file/Path$1 done
Event: 31.888 Loading class sun/nio/ch/ChannelOutputStream
Event: 31.888 Loading class sun/nio/ch/ChannelOutputStream done
Event: 32.340 Loading class java/util/EnumMap$EntrySet
Event: 32.343 Loading class java/util/EnumMap$EntrySet done
Event: 32.343 Loading class java/util/EnumMap$EntryIterator
Event: 32.344 Loading class java/util/EnumMap$EnumMapIterator
Event: 32.344 Loading class java/util/EnumMap$EnumMapIterator done
Event: 32.344 Loading class java/util/EnumMap$EntryIterator done
Event: 32.344 Loading class java/util/EnumMap$EntryIterator$Entry
Event: 32.344 Loading class java/util/EnumMap$EntryIterator$Entry done
Event: 32.351 Loading class java/util/function/ToIntBiFunction
Event: 32.351 Loading class java/util/function/ToIntBiFunction done
Event: 33.395 Loading class java/io/DataOutputStream
Event: 33.395 Loading class java/io/DataOutputStream done

Classes unloaded (0 events):
No events

Classes redefined (0 events):
No events

Internal exceptions (20 events):
Event: 37.028 Thread 0x000002666dd09240 Exception <a 'sun/nio/fs/WindowsException'{0x00000000830ea6f8}> (0x00000000830ea6f8) 
thrown [s\open\src\hotspot\share\prims\jni.cpp, line 520]
Event: 37.368 Thread 0x000002666dd09240 Exception <a 'sun/nio/fs/WindowsException'{0x0000000082f460b0}> (0x0000000082f460b0) 
thrown [s\open\src\hotspot\share\prims\jni.cpp, line 520]
Event: 37.546 Thread 0x000002666dd09240 Exception <a 'sun/nio/fs/WindowsException'{0x0000000082f50990}> (0x0000000082f50990) 
thrown [s\open\src\hotspot\share\prims\jni.cpp, line 520]
Event: 37.553 Thread 0x000002666dd09240 Exception <a 'sun/nio/fs/WindowsException'{0x0000000082f5db50}> (0x0000000082f5db50) 
thrown [s\open\src\hotspot\share\prims\jni.cpp, line 520]
Event: 37.553 Thread 0x000002666dd09240 Exception <a 'sun/nio/fs/WindowsException'{0x0000000082f5e2a0}> (0x0000000082f5e2a0) 
thrown [s\open\src\hotspot\share\prims\jni.cpp, line 520]
Event: 37.589 Thread 0x000002666dd09240 Exception <a 'sun/nio/fs/WindowsException'{0x0000000082f87940}> (0x0000000082f87940) 
thrown [s\open\src\hotspot\share\prims\jni.cpp, line 520]
Event: 37.635 Thread 0x000002666dd09240 Exception <a 'sun/nio/fs/WindowsException'{0x0000000082fa54d0}> (0x0000000082fa54d0) 
thrown [s\open\src\hotspot\share\prims\jni.cpp, line 520]
Event: 37.643 Thread 0x000002666dd09240 Exception <a 'sun/nio/fs/WindowsException'{0x0000000082faab48}> (0x0000000082faab48) 
thrown [s\open\src\hotspot\share\prims\jni.cpp, line 520]
Event: 38.099 Thread 0x000002666dd09240 Exception <a 'sun/nio/fs/WindowsException'{0x0000000082ea2140}> (0x0000000082ea2140) 
thrown [s\open\src\hotspot\share\prims\jni.cpp, line 520]
Event: 38.104 Thread 0x000002666dd09240 Exception <a 'sun/nio/fs/WindowsException'{0x0000000082eae0c8}> (0x0000000082eae0c8) 
thrown [s\open\src\hotspot\share\prims\jni.cpp, line 520]
Event: 38.509 Thread 0x000002666dd09240 Exception <a 'sun/nio/fs/WindowsException'{0x0000000082d05208}> (0x0000000082d05208) 
thrown [s\open\src\hotspot\share\prims\jni.cpp, line 520]
Event: 38.515 Thread 0x000002666dd09240 Exception <a 'sun/nio/fs/WindowsException'{0x0000000082d0cec8}> (0x0000000082d0cec8) 
thrown [s\open\src\hotspot\share\prims\jni.cpp, line 520]
Event: 38.527 Thread 0x000002666dd09240 Exception <a 'sun/nio/fs/WindowsException'{0x0000000082d84820}> (0x0000000082d84820) 
thrown [s\open\src\hotspot\share\prims\jni.cpp, line 520]
Event: 38.535 Thread 0x000002666dd09240 Exception <a 'sun/nio/fs/WindowsException'{0x0000000082dc0b60}> (0x0000000082dc0b60) 
thrown [s\open\src\hotspot\share\prims\jni.cpp, line 520]
Event: 38.538 Thread 0x000002666dd09240 Exception <a 'sun/nio/fs/WindowsException'{0x0000000082dc8038}> (0x0000000082dc8038) 
thrown [s\open\src\hotspot\share\prims\jni.cpp, line 520]
Event: 38.540 Thread 0x000002666dd09240 Exception <a 'sun/nio/fs/WindowsException'{0x0000000082dcdd48}> (0x0000000082dcdd48) 
thrown [s\open\src\hotspot\share\prims\jni.cpp, line 520]
Event: 38.981 Thread 0x000002666dd09240 Exception <a 'sun/nio/fs/WindowsException'{0x0000000082df7c20}> (0x0000000082df7c20) 
thrown [s\open\src\hotspot\share\prims\jni.cpp, line 520]
Event: 39.130 Thread 0x000002666dd09240 Exception <a 'sun/nio/fs/WindowsException'{0x0000000082c1d808}> (0x0000000082c1d808) 
thrown [s\open\src\hotspot\share\prims\jni.cpp, line 520]
Event: 39.145 Thread 0x000002666dd09240 Exception <a 'sun/nio/fs/WindowsException'{0x0000000082c3a090}> (0x0000000082c3a090) 
thrown [s\open\src\hotspot\share\prims\jni.cpp, line 520]
Event: 39.167 Thread 0x000002666dd09240 Exception <a 'sun/nio/fs/WindowsException'{0x0000000082cb85c0}> (0x0000000082cb85c0) 
thrown [s\open\src\hotspot\share\prims\jni.cpp, line 520]

ZGC Phase Switch (0 events):
No events

VM Operations (20 events):
Event: 33.861 Executing VM operation: HandshakeAllThreads (Deoptimize)
Event: 33.861 Executing VM operation: HandshakeAllThreads (Deoptimize) done
Event: 33.951 Executing VM operation: G1CollectForAllocation (G1 Evacuation Pause)
Event: 33.974 Executing VM operation: G1CollectForAllocation (G1 Evacuation Pause) done
Event: 34.988 Executing VM operation: Cleanup
Event: 35.004 Executing VM operation: Cleanup done
Event: 35.570 Executing VM operation: ICBufferFull
Event: 35.570 Executing VM operation: ICBufferFull done
Event: 36.147 Executing VM operation: HandshakeAllThreads (Deoptimize)
Event: 36.147 Executing VM operation: HandshakeAllThreads (Deoptimize) done
Event: 36.416 Executing VM operation: ICBufferFull
Event: 36.416 Executing VM operation: ICBufferFull done
Event: 36.486 Executing VM operation: HandshakeAllThreads (Deoptimize)
Event: 36.486 Executing VM operation: HandshakeAllThreads (Deoptimize) done
Event: 37.007 Executing VM operation: ICBufferFull
Event: 37.007 Executing VM operation: ICBufferFull done
Event: 38.014 Executing VM operation: Cleanup
Event: 38.047 Executing VM operation: Cleanup done
Event: 39.057 Executing VM operation: Cleanup
Event: 39.058 Executing VM operation: Cleanup done

Events (14 events):
Event: 0.164 Thread 0x000002666dd09240 Thread added: 0x000002666dd09240
Event: 0.211 Thread 0x000002667b132ce0 Thread added: 0x000002667b132ce0
Event: 0.212 Thread 0x000002667b133a20 Thread added: 0x000002667b133a20
Event: 0.212 Thread 0x000002667b139fc0 Thread added: 0x000002667b139fc0
Event: 0.212 Thread 0x000002667b13ab00 Thread added: 0x000002667b13ab00
Event: 0.212 Thread 0x000002667b13b640 Thread added: 0x000002667b13b640
Event: 0.212 Thread 0x000002667b13c180 Thread added: 0x000002667b13c180
Event: 0.212 Thread 0x000002667b13df10 Thread added: 0x000002667b13df10
Event: 0.275 Thread 0x000002667b19be60 Thread added: 0x000002667b19be60
Event: 0.373 Thread 0x0000026654200770 Thread added: 0x0000026654200770
Event: 0.390 Thread 0x00000266542113e0 Thread added: 0x00000266542113e0
Event: 1.167 Thread 0x000002665451b340 Thread added: 0x000002665451b340
Event: 1.357 Thread 0x000002665451b340 Thread exited: 0x000002665451b340
Event: 7.284 Thread 0x0000026654e85680 Thread added: 0x0000026654e85680


Dynamic libraries:
0x00007ff6df3e0000 - 0x00007ff6df3f0000 	C:\Program Files\Java\jdk-21\bin\java.exe
0x00007ffaa9de0000 - 0x00007ffaaa043000 	C:\Windows\SYSTEM32\ntdll.dll
0x00007ffaa9170000 - 0x00007ffaa9237000 	C:\Windows\System32\KERNEL32.DLL
0x00007ffaa7180000 - 0x00007ffaa7547000 	C:\Windows\System32\KERNELBASE.dll
0x00007ffaa7ad0000 - 0x00007ffaa7c1c000 	C:\Windows\System32\ucrtbase.dll
0x00007ffa90940000 - 0x00007ffa90959000 	C:\Program Files\Java\jdk-21\bin\jli.dll
0x00007ffaa8390000 - 0x00007ffaa8444000 	C:\Windows\System32\ADVAPI32.dll
0x00007ffaa94c0000 - 0x00007ffaa9569000 	C:\Windows\System32\msvcrt.dll
0x00007ffaa9860000 - 0x00007ffaa9906000 	C:\Windows\System32\sechost.dll
0x00007ffaa7c20000 - 0x00007ffaa7d36000 	C:\Windows\System32\RPCRT4.dll
0x00007ffaa9240000 - 0x00007ffaa9409000 	C:\Windows\System32\USER32.dll
0x00007ffaa7930000 - 0x00007ffaa7957000 	C:\Windows\System32\win32u.dll
0x00007ffaa7e30000 - 0x00007ffaa7e5a000 	C:\Windows\System32\GDI32.dll
0x00007ffaa7800000 - 0x00007ffaa792b000 	C:\Windows\System32\gdi32full.dll
0x00007ffaa7a20000 - 0x00007ffaa7ac3000 	C:\Windows\System32\msvcp_win.dll
0x00007ffa90920000 - 0x00007ffa9093b000 	C:\Program Files\Java\jdk-21\bin\VCRUNTIME140.dll
0x00007ffa81e70000 - 0x00007ffa82100000 	C:\Windows\WinSxS\amd64_microsoft.windows.common-controls_6595b64144ccf1df_6.0.26100.3037_none_3e09262ce333c378\COMCTL32.dll
0x00007ffa9c7d0000 - 0x00007ffa9c7db000 	C:\Windows\SYSTEM32\VERSION.dll
0x00007ffaa8c80000 - 0x00007ffaa8caf000 	C:\Windows\System32\IMM32.DLL
0x00007ffa973c0000 - 0x00007ffa973cc000 	C:\Program Files\Java\jdk-21\bin\vcruntime140_1.dll
0x00007ffa8ef10000 - 0x00007ffa8ef9e000 	C:\Program Files\Java\jdk-21\bin\msvcp140.dll
0x00007ffa36b90000 - 0x00007ffa378aa000 	C:\Program Files\Java\jdk-21\bin\server\jvm.dll
0x00007ffaa95f0000 - 0x00007ffaa9664000 	C:\Windows\System32\WS2_32.dll
0x00007ffaa7010000 - 0x00007ffaa705e000 	C:\Windows\SYSTEM32\POWRPROF.dll
0x00007ffa73c10000 - 0x00007ffa73c46000 	C:\Windows\SYSTEM32\WINMM.dll
0x00007ffaa6ff0000 - 0x00007ffaa7004000 	C:\Windows\SYSTEM32\UMPDC.dll
0x00007ffaa5f70000 - 0x00007ffaa5f8a000 	C:\Windows\SYSTEM32\kernel.appcore.dll
0x00007ffa90730000 - 0x00007ffa9073a000 	C:\Program Files\Java\jdk-21\bin\jimage.dll
0x00007ffa97420000 - 0x00007ffa97661000 	C:\Windows\SYSTEM32\DBGHELP.DLL
0x00007ffaa8000000 - 0x00007ffaa837e000 	C:\Windows\System32\combase.dll
0x00007ffaa7d50000 - 0x00007ffaa7e26000 	C:\Windows\System32\OLEAUT32.dll
0x00007ffa98a00000 - 0x00007ffa98a39000 	C:\Windows\SYSTEM32\dbgcore.DLL
0x00007ffaa7760000 - 0x00007ffaa77f9000 	C:\Windows\System32\bcryptPrimitives.dll
0x00007ffa90710000 - 0x00007ffa9072f000 	C:\Program Files\Java\jdk-21\bin\java.dll
0x00007ffaa8450000 - 0x00007ffaa8b54000 	C:\Windows\System32\SHELL32.dll
0x00007ffaa4e60000 - 0x00007ffaa5697000 	C:\Windows\SYSTEM32\windows.storage.dll
0x00007ffaa8dc0000 - 0x00007ffaa8ea9000 	C:\Windows\System32\SHCORE.dll
0x00007ffaa97d0000 - 0x00007ffaa982d000 	C:\Windows\System32\shlwapi.dll
0x00007ffaa7090000 - 0x00007ffaa70be000 	C:\Windows\SYSTEM32\profapi.dll
0x00007ffa86ea0000 - 0x00007ffa86f77000 	C:\Program Files\Java\jdk-21\bin\jsvml.dll
0x00007ffa90700000 - 0x00007ffa90710000 	C:\Program Files\Java\jdk-21\bin\net.dll
0x00007ffa9f660000 - 0x00007ffa9f77e000 	C:\Windows\SYSTEM32\WINHTTP.dll
0x00007ffaa6460000 - 0x00007ffaa64ca000 	C:\Windows\system32\mswsock.dll
0x00007ffa90660000 - 0x00007ffa90676000 	C:\Program Files\Java\jdk-21\bin\nio.dll
0x00007ffa904c0000 - 0x00007ffa904d8000 	C:\Program Files\Java\jdk-21\bin\zip.dll
0x00007ffa8fb90000 - 0x00007ffa8fbb4000 	C:\apache-maven-3.9.9\lib\jansi-native\Windows\x86_64\jansi.dll
0x00007ffa906f0000 - 0x00007ffa90700000 	C:\Program Files\Java\jdk-21\bin\verify.dll

dbghelp: loaded successfully - version: 4.0.5 - missing functions: none
symbol engine: initialized successfully - sym options: 0x614 - pdb path: .;C:\Program Files\Java\jdk-21\bin;C:\Windows\SYSTEM32;C:\Windows\WinSxS\amd64_microsoft.windows.common-controls_6595b64144ccf1df_6.0.26100.3037_none_3e09262ce333c378;C:\Program Files\Java\jdk-21\bin\server;C:\apache-maven-3.9.9\lib\jansi-native\Windows\x86_64

VM Arguments:
jvm_args: -Dclassworlds.conf=C:\apache-maven-3.9.9\bin\m2.conf -Dmaven.home=C:\apache-maven-3.9.9 -Dlibrary.jansi.path=C:\apache-maven-3.9.9\lib\jansi-native -Dmaven.multiModuleProjectDirectory=C:\Users\android\Desktop\Cab-Booking-Application 
java_command: org.codehaus.plexus.classworlds.launcher.Launcher clean compile
java_class_path (initial): C:\apache-maven-3.9.9\boot\plexus-classworlds-2.8.0.jar
Launcher Type: SUN_STANDARD

[Global flags]
     intx CICompilerCount                          = 2                                         {product} {ergonomic}
     uint ConcGCThreads                            = 1                                         {product} {ergonomic}
     uint G1ConcRefinementThreads                  = 2                                         {product} {ergonomic}
   size_t G1HeapRegionSize                         = 1048576                                   {product} {ergonomic}
    uintx GCDrainStackTargetSize                   = 64                                        {product} {ergonomic}
   size_t InitialHeapSize                          = 134217728                                 {product} {ergonomic}
   size_t MarkStackSize                            = 4194304                                   {product} {ergonomic}
   size_t MaxHeapSize                              = 2134900736                                {product} {ergonomic}
   size_t MaxNewSize                               = 1280311296                                {product} {ergonomic}
   size_t MinHeapDeltaBytes                        = 1048576                                   {product} {ergonomic}
   size_t MinHeapSize                              = 8388608                                   {product} {ergonomic}
    uintx NonNMethodCodeHeapSize                   = 5826188                                {pd product} {ergonomic}
    uintx NonProfiledCodeHeapSize                  = 122916026                              {pd product} {ergonomic}
    uintx ProfiledCodeHeapSize                     = 122916026                              {pd product} {ergonomic}
    uintx ReservedCodeCacheSize                    = 251658240                              {pd product} {ergonomic}
     bool SegmentedCodeCache                       = true                                      {product} {ergonomic}
   size_t SoftMaxHeapSize                          = 2134900736                             {manageable} {ergonomic}
     bool UseCompressedOops                        = true                           {product lp64_product} {ergonomic}
     bool UseG1GC                                  = true                                      {product} {ergonomic}
     bool UseLargePagesIndividualAllocation        = false                                  {pd product} {ergonomic}

Logging:
Log output configuration:
 #0: stdout all=warning uptime,level,tags foldmultilines=false
 #1: stderr all=off uptime,level,tags foldmultilines=false

Environment Variables:
PATH=C:\app\android\product\21c\dbhomeXE\bin;C:\Program Files\Common Files\Oracle\Java\javapath;C:\Windows\system32;C:\Windows;C:\Windows\System32\Wbem;C:\Windows\System32\WindowsPowerShell\v1.0\;C:\Windows\System32\OpenSSH\;C:\Program Files\Git\cmd;C:\Flutter\bin;C:\ProgramData\chocolatey\bin;C:\Program Files\Docker\Docker\resources\bin;C:\Program Files\nodejs\;c:\Users\android\AppData\Local\Programs\cursor\resources\app\bin;C:\tomcat9\bin;C:\apache-maven-3.9.9\bin;C:\Users\android\AppData\Local\Microsoft\WindowsApps;C:\Users\android\AppData\Local\Programs\Microsoft VS Code\bin;C:\Users\android\AppData\Roaming\npm;C:\Users\android\AppData\Local\Programs\cursor\resources\app\bin
USERNAME=android
LANG=en_US.UTF-8
OS=Windows_NT
PROCESSOR_IDENTIFIER=Intel64 Family 6 Model 85 Stepping 7, GenuineIntel
TMP=C:\Users\android\AppData\Local\Temp
TEMP=C:\Users\android\AppData\Local\Temp




Periodic native trim disabled

---------------  S Y S T E M  ---------------

OS:
 Windows 11 , 64 bit Build 26100 (10.0.26100.3037)
OS uptime: 0 days 21:58 hours
Hyper-V role detected

CPU: total 2 (initial active 2) (1 cores per cpu, 2 threads per core) family 6 model 85 stepping 7 microcode 0xffffffff, cx8, cmov, fxsr, ht, mmx, 3dnowpref, sse, sse2, sse3, ssse3, sse4.1, sse4.2, popcnt, lzcnt, tsc, tscinvbit, avx, avx2, aes, erms, clmul, bmi1, bmi2, rtm, adx, avx512f, avx512dq, avx512cd, avx512bw, avx512vl, fma, vzeroupper, avx512_vnni, clflush, clflushopt, clwb, hv, rdtscp, f16c
Processor Information for all 2 processors :
  Max Mhz: 2594, Current Mhz: 2594, Mhz Limit: 2594

Memory: 4k page, system-wide physical 8140M (1749M free)
TotalPageFile size 10188M (AvailPageFile size 3M)
current process WorkingSet (physical memory assigned to process): 163M, peak: 192M
current process commit charge ("private bytes"): 179M, peak: 253M

vm_info: Java HotSpot(TM) 64-Bit Server VM (21.0.6+8-LTS-188) for windows-amd64 JRE (21.0.6+8-LTS-188), built on 2024-12-03T10:50:54Z by "mach5one" with MS VC++ 17.6 (VS2022)

END.
