#
# There is insufficient memory for the Java Runtime Environment to continue.
# Native memory allocation (mmap) failed to map 65536 bytes for Failed to commit metaspace.
# Possible reasons:
#   The system is out of physical RAM or swap space
#   The process is running with CompressedOops enabled, and the Java Heap may be blocking the growth of the native heap
# Possible solutions:
#   Reduce memory load on the system
#   Increase physical memory or swap space
#   Check if swap backing store is full
#   Decrease Java heap size (-Xmx/-Xms)
#   Decrease number of Java threads
#   Decrease Java thread stack sizes (-Xss)
#   Set larger code cache with -XX:ReservedCodeCacheSize=
#   JVM is running with Unscaled Compressed Oops mode in which the Java heap is
#     placed in the first 4GB address space. The Java Heap base address is the
#     maximum limit for the native heap growth. Please use -XX:HeapBaseMinAddress
#     to set the Java Heap base and to place the Java Heap above 4GB virtual address.
# This output file may be truncated or incomplete.
#
#  Out of Memory Error (virtualSpaceNode.cpp:112), pid=19724, tid=12320
#
# JRE version: Java(TM) SE Runtime Environment (21.0.6+8) (build 21.0.6+8-LTS-188)
# Java VM: Java HotSpot(TM) 64-Bit Server VM (21.0.6+8-LTS-188, mixed mode, sharing, tiered, compressed oops, compressed class ptrs, g1 gc, windows-amd64)
# No core dump will be written. Minidumps are not enabled by default on client versions of Windows
#

---------------  S U M M A R Y ------------

Command Line: -Dclassworlds.conf=C:\apache-maven-3.9.9\bin\m2.conf -Dmaven.home=C:\apache-maven-3.9.9 -Dlibrary.jansi.path=C:\apache-maven-3.9.9\lib\jansi-native -Dmaven.multiModuleProjectDirectory=C:\Users\android\Desktop\Cab-Booking-Application org.codehaus.plexus.classworlds.launcher.Launcher clean compile

Host: Intel(R) Xeon(R) Platinum 8272CL CPU @ 2.60GHz, 2 cores, 7G,  Windows 11 , 64 bit Build 26100 (10.0.26100.3037)
Time: Thu Mar 13 16:01:44 2025 India Standard Time elapsed time: 4.726551 seconds (0d 0h 0m 4s)

---------------  T H R E A D  ---------------

Current thread (0x000001d7b7e3bf00):  JavaThread "C1 CompilerThread0" daemon [_thread_in_vm, id=12320, stack(0x0000005cc6100000,0x0000005cc6200000) (1024K)]


Current CompileTask:
C1:   4726 1803       3       com.google.common.cache.LocalCache$Segment::getEntry (73 bytes)

Stack: [0x0000005cc6100000,0x0000005cc6200000]
Native frames: (J=compiled Java code, j=interpreted, Vv=VM code, C=native code)
V  [jvm.dll+0x6ca6d9]
V  [jvm.dll+0x854f51]
V  [jvm.dll+0x85747e]
V  [jvm.dll+0x857b53]
V  [jvm.dll+0x27dcc6]
V  [jvm.dll+0x850b6e]
V  [jvm.dll+0x66e3e5]
V  [jvm.dll+0x1e3f1c]
V  [jvm.dll+0x1e3cee]
V  [jvm.dll+0x670d13]
V  [jvm.dll+0x670b32]
V  [jvm.dll+0x66edbe]
V  [jvm.dll+0x68035a]
V  [jvm.dll+0x679452]
V  [jvm.dll+0x1f1a20]
V  [jvm.dll+0x1f1c08]
V  [jvm.dll+0x1652f1]
V  [jvm.dll+0x165136]
V  [jvm.dll+0x15ca48]
V  [jvm.dll+0x15ecc0]
V  [jvm.dll+0x15d2e5]
V  [jvm.dll+0x15719f]
V  [jvm.dll+0x166d36]
V  [jvm.dll+0x152a50]
V  [jvm.dll+0x152dd3]
V  [jvm.dll+0x1530a4]
V  [jvm.dll+0x1524d6]
V  [jvm.dll+0x1542ad]
V  [jvm.dll+0x2554f9]
V  [jvm.dll+0x253a8a]
V  [jvm.dll+0x3ee576]
V  [jvm.dll+0x7ff2fb]
V  [jvm.dll+0x6c8dbd]
C  [ucrtbase.dll+0x37b0]
C  [KERNEL32.DLL+0x2e8d7]
C  [ntdll.dll+0xbbf2c]


---------------  P R O C E S S  ---------------

Threads class SMR info:
_java_thread_list=0x000001d7fdb14310, length=11, elements={
0x000001d79bfe9240, 0x000001d7b7dd2d80, 0x000001d7b7dd47e0, 0x000001d7b7dda060,
0x000001d7b7ddaba0, 0x000001d7b7ddb6e0, 0x000001d7b7ddc220, 0x000001d7b7dddfb0,
0x000001d7b7e3bf00, 0x000001d7fd0e08c0, 0x000001d7fd0f1370
}

Java Threads: ( => current thread )
  0x000001d79bfe9240 JavaThread "main"                              [_thread_in_vm, id=15336, stack(0x0000005cc5100000,0x0000005cc5200000) (1024K)]
  0x000001d7b7dd2d80 JavaThread "Reference Handler"          daemon [_thread_blocked, id=15480, stack(0x0000005cc5a00000,0x0000005cc5b00000) (1024K)]
  0x000001d7b7dd47e0 JavaThread "Finalizer"                  daemon [_thread_blocked, id=18580, stack(0x0000005cc5b00000,0x0000005cc5c00000) (1024K)]
  0x000001d7b7dda060 JavaThread "Signal Dispatcher"          daemon [_thread_blocked, id=12296, stack(0x0000005cc5c00000,0x0000005cc5d00000) (1024K)]
  0x000001d7b7ddaba0 JavaThread "Attach Listener"            daemon [_thread_blocked, id=13496, stack(0x0000005cc5d00000,0x0000005cc5e00000) (1024K)]
  0x000001d7b7ddb6e0 JavaThread "Service Thread"             daemon [_thread_blocked, id=7176, stack(0x0000005cc5e00000,0x0000005cc5f00000) (1024K)]
  0x000001d7b7ddc220 JavaThread "Monitor Deflation Thread"   daemon [_thread_blocked, id=18384, stack(0x0000005cc5f00000,0x0000005cc6000000) (1024K)]
  0x000001d7b7dddfb0 JavaThread "C2 CompilerThread0"         daemon [_thread_blocked, id=3712, stack(0x0000005cc6000000,0x0000005cc6100000) (1024K)]
=>0x000001d7b7e3bf00 JavaThread "C1 CompilerThread0"         daemon [_thread_in_vm, id=12320, stack(0x0000005cc6100000,0x0000005cc6200000) (1024K)]
  0x000001d7fd0e08c0 JavaThread "Notification Thread"        daemon [_thread_blocked, id=9000, stack(0x0000005cc6200000,0x0000005cc6300000) (1024K)]
  0x000001d7fd0f1370 JavaThread "Common-Cleaner"             daemon [_thread_blocked, id=7608, stack(0x0000005cc6300000,0x0000005cc6400000) (1024K)]
Total: 11

Other Threads:
  0x000001d7b7db1b70 VMThread "VM Thread"                           [id=3160, stack(0x0000005cc5900000,0x0000005cc5a00000) (1024K)]
  0x000001d7b7da0f60 WatcherThread "VM Periodic Task Thread"        [id=16644, stack(0x0000005cc5800000,0x0000005cc5900000) (1024K)]
  0x000001d79c039c20 WorkerThread "GC Thread#0"                     [id=15740, stack(0x0000005cc5300000,0x0000005cc5400000) (1024K)]
  0x000001d7fd4d6800 WorkerThread "GC Thread#1"                     [id=12396, stack(0x0000005cc6500000,0x0000005cc6600000) (1024K)]
  0x000001d79c04af50 ConcurrentGCThread "G1 Main Marker"            [id=5740, stack(0x0000005cc5400000,0x0000005cc5500000) (1024K)]
  0x000001d79c04c8d0 WorkerThread "G1 Conc#0"                       [id=8308, stack(0x0000005cc5500000,0x0000005cc5600000) (1024K)]
  0x000001d7b7c620c0 ConcurrentGCThread "G1 Refine#0"               [id=15700, stack(0x0000005cc5600000,0x0000005cc5700000) (1024K)]
  0x000001d79c0a9370 ConcurrentGCThread "G1 Service"                [id=7908, stack(0x0000005cc5700000,0x0000005cc5800000) (1024K)]
Total: 8

Threads with active compile tasks:
C1 CompilerThread0     4767 1803       3       com.google.common.cache.LocalCache$Segment::getEntry (73 bytes)
Total: 1

VM state: not at safepoint (normal execution)

VM Mutex/Monitor currently owned by a thread:  ([mutex/lock_event])
[0x00007ffa3721be18] Metaspace_lock - owner thread: 0x000001d7b7e3bf00

Heap address: 0x0000000080c00000, size: 2036 MB, Compressed Oops mode: 32-bit

CDS archive(s) mapped at: [0x000001d7b8000000-0x000001d7b8c90000-0x000001d7b8c90000), size 13172736, SharedBaseAddress: 0x000001d7b8000000, ArchiveRelocationMode: 1.
Compressed class space mapped at: 0x000001d7b9000000-0x000001d7f9000000, reserved size: 1073741824
Narrow klass base: 0x000001d7b8000000, Narrow klass shift: 0, Narrow klass range: 0x100000000

GC Precious Log:
 CardTable entry size: 512
 Card Set container configuration: InlinePtr #cards 5 size 8 Array Of Cards #cards 12 size 40 Howl #buckets 4 coarsen threshold 1843 Howl Bitmap #cards 512 size 80 coarsen threshold 460 Card regions per heap region 1 cards per card region 2048
 CPUs: 2 total, 2 available
 Memory: 8140M
 Large Page Support: Disabled
 NUMA Support: Disabled
 Compressed Oops: Enabled (32-bit)
 Heap Region Size: 1M
 Heap Min Capacity: 8M
 Heap Initial Capacity: 128M
 Heap Max Capacity: 2036M
 Pre-touch: Disabled
 Parallel Workers: 2
 Concurrent Workers: 1
 Concurrent Refinement Workers: 2
 Periodic GC: Disabled

Heap:
 garbage-first heap   total 131072K, used 32693K [0x0000000080c00000, 0x0000000100000000)
  region size 1024K, 32 young (32768K), 2 survivors (2048K)
 Metaspace       used 9672K, committed 9792K, reserved 1114112K
  class space    used 1134K, committed 1216K, reserved 1048576K

Heap Regions: E=young(eden), S=young(survivor), O=old, HS=humongous(starts), HC=humongous(continues), CS=collection set, F=free, TAMS=top-at-mark-start, PB=parsable bottom
|   0|0x0000000080c00000, 0x0000000080d00000, 0x0000000080d00000|100%| O|  |TAMS 0x0000000080c00000| PB 0x0000000080c00000| Untracked 
|   1|0x0000000080d00000, 0x0000000080e00000, 0x0000000080e00000|100%| O|  |TAMS 0x0000000080d00000| PB 0x0000000080d00000| Untracked 
|   2|0x0000000080e00000, 0x0000000080e54080, 0x0000000080f00000| 32%| O|  |TAMS 0x0000000080e00000| PB 0x0000000080e00000| Untracked 
|   3|0x0000000080f00000, 0x0000000080f00000, 0x0000000081000000|  0%| F|  |TAMS 0x0000000080f00000| PB 0x0000000080f00000| Untracked 
|   4|0x0000000081000000, 0x0000000081000000, 0x0000000081100000|  0%| F|  |TAMS 0x0000000081000000| PB 0x0000000081000000| Untracked 
|   5|0x0000000081100000, 0x0000000081100000, 0x0000000081200000|  0%| F|  |TAMS 0x0000000081100000| PB 0x0000000081100000| Untracked 
|   6|0x0000000081200000, 0x0000000081200000, 0x0000000081300000|  0%| F|  |TAMS 0x0000000081200000| PB 0x0000000081200000| Untracked 
|   7|0x0000000081300000, 0x0000000081300000, 0x0000000081400000|  0%| F|  |TAMS 0x0000000081300000| PB 0x0000000081300000| Untracked 
|   8|0x0000000081400000, 0x0000000081400000, 0x0000000081500000|  0%| F|  |TAMS 0x0000000081400000| PB 0x0000000081400000| Untracked 
|   9|0x0000000081500000, 0x0000000081500000, 0x0000000081600000|  0%| F|  |TAMS 0x0000000081500000| PB 0x0000000081500000| Untracked 
|  10|0x0000000081600000, 0x0000000081600000, 0x0000000081700000|  0%| F|  |TAMS 0x0000000081600000| PB 0x0000000081600000| Untracked 
|  11|0x0000000081700000, 0x0000000081700000, 0x0000000081800000|  0%| F|  |TAMS 0x0000000081700000| PB 0x0000000081700000| Untracked 
|  12|0x0000000081800000, 0x0000000081800000, 0x0000000081900000|  0%| F|  |TAMS 0x0000000081800000| PB 0x0000000081800000| Untracked 
|  13|0x0000000081900000, 0x0000000081900000, 0x0000000081a00000|  0%| F|  |TAMS 0x0000000081900000| PB 0x0000000081900000| Untracked 
|  14|0x0000000081a00000, 0x0000000081a00000, 0x0000000081b00000|  0%| F|  |TAMS 0x0000000081a00000| PB 0x0000000081a00000| Untracked 
|  15|0x0000000081b00000, 0x0000000081b00000, 0x0000000081c00000|  0%| F|  |TAMS 0x0000000081b00000| PB 0x0000000081b00000| Untracked 
|  16|0x0000000081c00000, 0x0000000081c00000, 0x0000000081d00000|  0%| F|  |TAMS 0x0000000081c00000| PB 0x0000000081c00000| Untracked 
|  17|0x0000000081d00000, 0x0000000081d00000, 0x0000000081e00000|  0%| F|  |TAMS 0x0000000081d00000| PB 0x0000000081d00000| Untracked 
|  18|0x0000000081e00000, 0x0000000081e00000, 0x0000000081f00000|  0%| F|  |TAMS 0x0000000081e00000| PB 0x0000000081e00000| Untracked 
|  19|0x0000000081f00000, 0x0000000081f00000, 0x0000000082000000|  0%| F|  |TAMS 0x0000000081f00000| PB 0x0000000081f00000| Untracked 
|  20|0x0000000082000000, 0x0000000082000000, 0x0000000082100000|  0%| F|  |TAMS 0x0000000082000000| PB 0x0000000082000000| Untracked 
|  21|0x0000000082100000, 0x0000000082100000, 0x0000000082200000|  0%| F|  |TAMS 0x0000000082100000| PB 0x0000000082100000| Untracked 
|  22|0x0000000082200000, 0x0000000082200000, 0x0000000082300000|  0%| F|  |TAMS 0x0000000082200000| PB 0x0000000082200000| Untracked 
|  23|0x0000000082300000, 0x0000000082300000, 0x0000000082400000|  0%| F|  |TAMS 0x0000000082300000| PB 0x0000000082300000| Untracked 
|  24|0x0000000082400000, 0x0000000082400000, 0x0000000082500000|  0%| F|  |TAMS 0x0000000082400000| PB 0x0000000082400000| Untracked 
|  25|0x0000000082500000, 0x0000000082500000, 0x0000000082600000|  0%| F|  |TAMS 0x0000000082500000| PB 0x0000000082500000| Untracked 
|  26|0x0000000082600000, 0x0000000082600000, 0x0000000082700000|  0%| F|  |TAMS 0x0000000082600000| PB 0x0000000082600000| Untracked 
|  27|0x0000000082700000, 0x0000000082700000, 0x0000000082800000|  0%| F|  |TAMS 0x0000000082700000| PB 0x0000000082700000| Untracked 
|  28|0x0000000082800000, 0x0000000082800000, 0x0000000082900000|  0%| F|  |TAMS 0x0000000082800000| PB 0x0000000082800000| Untracked 
|  29|0x0000000082900000, 0x0000000082900000, 0x0000000082a00000|  0%| F|  |TAMS 0x0000000082900000| PB 0x0000000082900000| Untracked 
|  30|0x0000000082a00000, 0x0000000082a00000, 0x0000000082b00000|  0%| F|  |TAMS 0x0000000082a00000| PB 0x0000000082a00000| Untracked 
|  31|0x0000000082b00000, 0x0000000082b00000, 0x0000000082c00000|  0%| F|  |TAMS 0x0000000082b00000| PB 0x0000000082b00000| Untracked 
|  32|0x0000000082c00000, 0x0000000082c00000, 0x0000000082d00000|  0%| F|  |TAMS 0x0000000082c00000| PB 0x0000000082c00000| Untracked 
|  33|0x0000000082d00000, 0x0000000082d00000, 0x0000000082e00000|  0%| F|  |TAMS 0x0000000082d00000| PB 0x0000000082d00000| Untracked 
|  34|0x0000000082e00000, 0x0000000082e00000, 0x0000000082f00000|  0%| F|  |TAMS 0x0000000082e00000| PB 0x0000000082e00000| Untracked 
|  35|0x0000000082f00000, 0x0000000082f00000, 0x0000000083000000|  0%| F|  |TAMS 0x0000000082f00000| PB 0x0000000082f00000| Untracked 
|  36|0x0000000083000000, 0x0000000083000000, 0x0000000083100000|  0%| F|  |TAMS 0x0000000083000000| PB 0x0000000083000000| Untracked 
|  37|0x0000000083100000, 0x0000000083100000, 0x0000000083200000|  0%| F|  |TAMS 0x0000000083100000| PB 0x0000000083100000| Untracked 
|  38|0x0000000083200000, 0x0000000083200000, 0x0000000083300000|  0%| F|  |TAMS 0x0000000083200000| PB 0x0000000083200000| Untracked 
|  39|0x0000000083300000, 0x0000000083300000, 0x0000000083400000|  0%| F|  |TAMS 0x0000000083300000| PB 0x0000000083300000| Untracked 
|  40|0x0000000083400000, 0x0000000083400000, 0x0000000083500000|  0%| F|  |TAMS 0x0000000083400000| PB 0x0000000083400000| Untracked 
|  41|0x0000000083500000, 0x0000000083500000, 0x0000000083600000|  0%| F|  |TAMS 0x0000000083500000| PB 0x0000000083500000| Untracked 
|  42|0x0000000083600000, 0x0000000083600000, 0x0000000083700000|  0%| F|  |TAMS 0x0000000083600000| PB 0x0000000083600000| Untracked 
|  43|0x0000000083700000, 0x0000000083700000, 0x0000000083800000|  0%| F|  |TAMS 0x0000000083700000| PB 0x0000000083700000| Untracked 
|  44|0x0000000083800000, 0x0000000083800000, 0x0000000083900000|  0%| F|  |TAMS 0x0000000083800000| PB 0x0000000083800000| Untracked 
|  45|0x0000000083900000, 0x0000000083900000, 0x0000000083a00000|  0%| F|  |TAMS 0x0000000083900000| PB 0x0000000083900000| Untracked 
|  46|0x0000000083a00000, 0x0000000083a00000, 0x0000000083b00000|  0%| F|  |TAMS 0x0000000083a00000| PB 0x0000000083a00000| Untracked 
|  47|0x0000000083b00000, 0x0000000083b00000, 0x0000000083c00000|  0%| F|  |TAMS 0x0000000083b00000| PB 0x0000000083b00000| Untracked 
|  48|0x0000000083c00000, 0x0000000083c00000, 0x0000000083d00000|  0%| F|  |TAMS 0x0000000083c00000| PB 0x0000000083c00000| Untracked 
|  49|0x0000000083d00000, 0x0000000083d00000, 0x0000000083e00000|  0%| F|  |TAMS 0x0000000083d00000| PB 0x0000000083d00000| Untracked 
|  50|0x0000000083e00000, 0x0000000083e00000, 0x0000000083f00000|  0%| F|  |TAMS 0x0000000083e00000| PB 0x0000000083e00000| Untracked 
|  51|0x0000000083f00000, 0x0000000083f00000, 0x0000000084000000|  0%| F|  |TAMS 0x0000000083f00000| PB 0x0000000083f00000| Untracked 
|  52|0x0000000084000000, 0x0000000084000000, 0x0000000084100000|  0%| F|  |TAMS 0x0000000084000000| PB 0x0000000084000000| Untracked 
|  53|0x0000000084100000, 0x0000000084100000, 0x0000000084200000|  0%| F|  |TAMS 0x0000000084100000| PB 0x0000000084100000| Untracked 
|  54|0x0000000084200000, 0x0000000084200000, 0x0000000084300000|  0%| F|  |TAMS 0x0000000084200000| PB 0x0000000084200000| Untracked 
|  55|0x0000000084300000, 0x0000000084300000, 0x0000000084400000|  0%| F|  |TAMS 0x0000000084300000| PB 0x0000000084300000| Untracked 
|  56|0x0000000084400000, 0x0000000084400000, 0x0000000084500000|  0%| F|  |TAMS 0x0000000084400000| PB 0x0000000084400000| Untracked 
|  57|0x0000000084500000, 0x0000000084500000, 0x0000000084600000|  0%| F|  |TAMS 0x0000000084500000| PB 0x0000000084500000| Untracked 
|  58|0x0000000084600000, 0x0000000084600000, 0x0000000084700000|  0%| F|  |TAMS 0x0000000084600000| PB 0x0000000084600000| Untracked 
|  59|0x0000000084700000, 0x0000000084700000, 0x0000000084800000|  0%| F|  |TAMS 0x0000000084700000| PB 0x0000000084700000| Untracked 
|  60|0x0000000084800000, 0x0000000084800000, 0x0000000084900000|  0%| F|  |TAMS 0x0000000084800000| PB 0x0000000084800000| Untracked 
|  61|0x0000000084900000, 0x0000000084900000, 0x0000000084a00000|  0%| F|  |TAMS 0x0000000084900000| PB 0x0000000084900000| Untracked 
|  62|0x0000000084a00000, 0x0000000084a00000, 0x0000000084b00000|  0%| F|  |TAMS 0x0000000084a00000| PB 0x0000000084a00000| Untracked 
|  63|0x0000000084b00000, 0x0000000084b00000, 0x0000000084c00000|  0%| F|  |TAMS 0x0000000084b00000| PB 0x0000000084b00000| Untracked 
|  64|0x0000000084c00000, 0x0000000084c00000, 0x0000000084d00000|  0%| F|  |TAMS 0x0000000084c00000| PB 0x0000000084c00000| Untracked 
|  65|0x0000000084d00000, 0x0000000084d00000, 0x0000000084e00000|  0%| F|  |TAMS 0x0000000084d00000| PB 0x0000000084d00000| Untracked 
|  66|0x0000000084e00000, 0x0000000084e00000, 0x0000000084f00000|  0%| F|  |TAMS 0x0000000084e00000| PB 0x0000000084e00000| Untracked 
|  67|0x0000000084f00000, 0x0000000084f00000, 0x0000000085000000|  0%| F|  |TAMS 0x0000000084f00000| PB 0x0000000084f00000| Untracked 
|  68|0x0000000085000000, 0x0000000085000000, 0x0000000085100000|  0%| F|  |TAMS 0x0000000085000000| PB 0x0000000085000000| Untracked 
|  69|0x0000000085100000, 0x0000000085100000, 0x0000000085200000|  0%| F|  |TAMS 0x0000000085100000| PB 0x0000000085100000| Untracked 
|  70|0x0000000085200000, 0x0000000085200000, 0x0000000085300000|  0%| F|  |TAMS 0x0000000085200000| PB 0x0000000085200000| Untracked 
|  71|0x0000000085300000, 0x0000000085300000, 0x0000000085400000|  0%| F|  |TAMS 0x0000000085300000| PB 0x0000000085300000| Untracked 
|  72|0x0000000085400000, 0x0000000085400000, 0x0000000085500000|  0%| F|  |TAMS 0x0000000085400000| PB 0x0000000085400000| Untracked 
|  73|0x0000000085500000, 0x0000000085500000, 0x0000000085600000|  0%| F|  |TAMS 0x0000000085500000| PB 0x0000000085500000| Untracked 
|  74|0x0000000085600000, 0x0000000085600000, 0x0000000085700000|  0%| F|  |TAMS 0x0000000085600000| PB 0x0000000085600000| Untracked 
|  75|0x0000000085700000, 0x0000000085700000, 0x0000000085800000|  0%| F|  |TAMS 0x0000000085700000| PB 0x0000000085700000| Untracked 
|  76|0x0000000085800000, 0x0000000085800000, 0x0000000085900000|  0%| F|  |TAMS 0x0000000085800000| PB 0x0000000085800000| Untracked 
|  77|0x0000000085900000, 0x0000000085900000, 0x0000000085a00000|  0%| F|  |TAMS 0x0000000085900000| PB 0x0000000085900000| Untracked 
|  78|0x0000000085a00000, 0x0000000085a00000, 0x0000000085b00000|  0%| F|  |TAMS 0x0000000085a00000| PB 0x0000000085a00000| Untracked 
|  79|0x0000000085b00000, 0x0000000085b00000, 0x0000000085c00000|  0%| F|  |TAMS 0x0000000085b00000| PB 0x0000000085b00000| Untracked 
|  80|0x0000000085c00000, 0x0000000085c00000, 0x0000000085d00000|  0%| F|  |TAMS 0x0000000085c00000| PB 0x0000000085c00000| Untracked 
|  81|0x0000000085d00000, 0x0000000085d00000, 0x0000000085e00000|  0%| F|  |TAMS 0x0000000085d00000| PB 0x0000000085d00000| Untracked 
|  82|0x0000000085e00000, 0x0000000085e00000, 0x0000000085f00000|  0%| F|  |TAMS 0x0000000085e00000| PB 0x0000000085e00000| Untracked 
|  83|0x0000000085f00000, 0x0000000085f00000, 0x0000000086000000|  0%| F|  |TAMS 0x0000000085f00000| PB 0x0000000085f00000| Untracked 
|  84|0x0000000086000000, 0x0000000086000000, 0x0000000086100000|  0%| F|  |TAMS 0x0000000086000000| PB 0x0000000086000000| Untracked 
|  85|0x0000000086100000, 0x0000000086100000, 0x0000000086200000|  0%| F|  |TAMS 0x0000000086100000| PB 0x0000000086100000| Untracked 
|  86|0x0000000086200000, 0x0000000086200000, 0x0000000086300000|  0%| F|  |TAMS 0x0000000086200000| PB 0x0000000086200000| Untracked 
|  87|0x0000000086300000, 0x0000000086300000, 0x0000000086400000|  0%| F|  |TAMS 0x0000000086300000| PB 0x0000000086300000| Untracked 
|  88|0x0000000086400000, 0x0000000086400000, 0x0000000086500000|  0%| F|  |TAMS 0x0000000086400000| PB 0x0000000086400000| Untracked 
|  89|0x0000000086500000, 0x0000000086500000, 0x0000000086600000|  0%| F|  |TAMS 0x0000000086500000| PB 0x0000000086500000| Untracked 
|  90|0x0000000086600000, 0x0000000086600000, 0x0000000086700000|  0%| F|  |TAMS 0x0000000086600000| PB 0x0000000086600000| Untracked 
|  91|0x0000000086700000, 0x0000000086700000, 0x0000000086800000|  0%| F|  |TAMS 0x0000000086700000| PB 0x0000000086700000| Untracked 
|  92|0x0000000086800000, 0x0000000086800000, 0x0000000086900000|  0%| F|  |TAMS 0x0000000086800000| PB 0x0000000086800000| Untracked 
|  93|0x0000000086900000, 0x0000000086900000, 0x0000000086a00000|  0%| F|  |TAMS 0x0000000086900000| PB 0x0000000086900000| Untracked 
|  94|0x0000000086a00000, 0x0000000086a00000, 0x0000000086b00000|  0%| F|  |TAMS 0x0000000086a00000| PB 0x0000000086a00000| Untracked 
|  95|0x0000000086b00000, 0x0000000086b00000, 0x0000000086c00000|  0%| F|  |TAMS 0x0000000086b00000| PB 0x0000000086b00000| Untracked 
|  96|0x0000000086c00000, 0x0000000086c281f8, 0x0000000086d00000| 15%| E|  |TAMS 0x0000000086c00000| PB 0x0000000086c00000| Complete 
|  97|0x0000000086d00000, 0x0000000086e00000, 0x0000000086e00000|100%| E|CS|TAMS 0x0000000086d00000| PB 0x0000000086d00000| Complete 
|  98|0x0000000086e00000, 0x0000000086f00000, 0x0000000086f00000|100%| E|CS|TAMS 0x0000000086e00000| PB 0x0000000086e00000| Complete 
|  99|0x0000000086f00000, 0x0000000087000000, 0x0000000087000000|100%| E|CS|TAMS 0x0000000086f00000| PB 0x0000000086f00000| Complete 
| 100|0x0000000087000000, 0x0000000087100000, 0x0000000087100000|100%| E|CS|TAMS 0x0000000087000000| PB 0x0000000087000000| Complete 
| 101|0x0000000087100000, 0x0000000087200000, 0x0000000087200000|100%| E|CS|TAMS 0x0000000087100000| PB 0x0000000087100000| Complete 
| 102|0x0000000087200000, 0x0000000087300000, 0x0000000087300000|100%| E|CS|TAMS 0x0000000087200000| PB 0x0000000087200000| Complete 
| 103|0x0000000087300000, 0x0000000087400000, 0x0000000087400000|100%| E|CS|TAMS 0x0000000087300000| PB 0x0000000087300000| Complete 
| 104|0x0000000087400000, 0x0000000087500000, 0x0000000087500000|100%| E|CS|TAMS 0x0000000087400000| PB 0x0000000087400000| Complete 
| 105|0x0000000087500000, 0x0000000087600000, 0x0000000087600000|100%| E|CS|TAMS 0x0000000087500000| PB 0x0000000087500000| Complete 
| 106|0x0000000087600000, 0x0000000087700000, 0x0000000087700000|100%| E|CS|TAMS 0x0000000087600000| PB 0x0000000087600000| Complete 
| 107|0x0000000087700000, 0x0000000087800000, 0x0000000087800000|100%| E|CS|TAMS 0x0000000087700000| PB 0x0000000087700000| Complete 
| 108|0x0000000087800000, 0x0000000087900000, 0x0000000087900000|100%| E|CS|TAMS 0x0000000087800000| PB 0x0000000087800000| Complete 
| 109|0x0000000087900000, 0x0000000087a00000, 0x0000000087a00000|100%| E|CS|TAMS 0x0000000087900000| PB 0x0000000087900000| Complete 
| 110|0x0000000087a00000, 0x0000000087b00000, 0x0000000087b00000|100%| E|CS|TAMS 0x0000000087a00000| PB 0x0000000087a00000| Complete 
| 111|0x0000000087b00000, 0x0000000087c00000, 0x0000000087c00000|100%| E|CS|TAMS 0x0000000087b00000| PB 0x0000000087b00000| Complete 
| 112|0x0000000087c00000, 0x0000000087d00000, 0x0000000087d00000|100%| E|CS|TAMS 0x0000000087c00000| PB 0x0000000087c00000| Complete 
| 113|0x0000000087d00000, 0x0000000087e00000, 0x0000000087e00000|100%| E|CS|TAMS 0x0000000087d00000| PB 0x0000000087d00000| Complete 
| 114|0x0000000087e00000, 0x0000000087f00000, 0x0000000087f00000|100%| E|CS|TAMS 0x0000000087e00000| PB 0x0000000087e00000| Complete 
| 115|0x0000000087f00000, 0x0000000088000000, 0x0000000088000000|100%| E|CS|TAMS 0x0000000087f00000| PB 0x0000000087f00000| Complete 
| 116|0x0000000088000000, 0x00000000880994a0, 0x0000000088100000| 59%| S|CS|TAMS 0x0000000088000000| PB 0x0000000088000000| Complete 
| 117|0x0000000088100000, 0x0000000088200000, 0x0000000088200000|100%| S|CS|TAMS 0x0000000088100000| PB 0x0000000088100000| Complete 
| 118|0x0000000088200000, 0x0000000088300000, 0x0000000088300000|100%| E|CS|TAMS 0x0000000088200000| PB 0x0000000088200000| Complete 
| 119|0x0000000088300000, 0x0000000088400000, 0x0000000088400000|100%| E|  |TAMS 0x0000000088300000| PB 0x0000000088300000| Complete 
| 120|0x0000000088400000, 0x0000000088500000, 0x0000000088500000|100%| E|CS|TAMS 0x0000000088400000| PB 0x0000000088400000| Complete 
| 121|0x0000000088500000, 0x0000000088600000, 0x0000000088600000|100%| E|CS|TAMS 0x0000000088500000| PB 0x0000000088500000| Complete 
| 122|0x0000000088600000, 0x0000000088700000, 0x0000000088700000|100%| E|CS|TAMS 0x0000000088600000| PB 0x0000000088600000| Complete 
| 123|0x0000000088700000, 0x0000000088800000, 0x0000000088800000|100%| E|CS|TAMS 0x0000000088700000| PB 0x0000000088700000| Complete 
| 124|0x0000000088800000, 0x0000000088900000, 0x0000000088900000|100%| E|CS|TAMS 0x0000000088800000| PB 0x0000000088800000| Complete 
| 125|0x0000000088900000, 0x0000000088a00000, 0x0000000088a00000|100%| E|CS|TAMS 0x0000000088900000| PB 0x0000000088900000| Complete 
| 126|0x0000000088a00000, 0x0000000088b00000, 0x0000000088b00000|100%| E|CS|TAMS 0x0000000088a00000| PB 0x0000000088a00000| Complete 
| 127|0x0000000088b00000, 0x0000000088c00000, 0x0000000088c00000|100%| E|CS|TAMS 0x0000000088b00000| PB 0x0000000088b00000| Complete 

Card table byte_map: [0x000001d7b3870000,0x000001d7b3c70000] _byte_map_base: 0x000001d7b346a000

Marking Bits: (CMBitMap*) 0x000001d79c03a7f0
 Bits: [0x000001d7b3c70000, 0x000001d7b5c40000)

Polling page: 0x000001d79b6d0000

Metaspace:

Usage:
  Non-class:      8.34 MB used.
      Class:      1.11 MB used.
       Both:      9.45 MB used.

Virtual space:
  Non-class space:       64.00 MB reserved,       8.38 MB ( 13%) committed,  1 nodes.
      Class space:        1.00 GB reserved,       1.19 MB ( <1%) committed,  1 nodes.
             Both:        1.06 GB reserved,       9.56 MB ( <1%) committed. 

Chunk freelists:
   Non-Class:  6.11 MB
       Class:  14.83 MB
        Both:  20.94 MB

MaxMetaspaceSize: unlimited
CompressedClassSpaceSize: 1.00 GB
Initial GC threshold: 21.00 MB
Current GC threshold: 21.00 MB
CDS: on
 - commit_granule_bytes: 65536.
 - commit_granule_words: 8192.
 - virtual_space_node_default_size: 8388608.
 - enlarge_chunks_in_place: 1.
 - use_allocation_guard: 0.


Internal statistics:

num_allocs_failed_limit: 0.
num_arena_births: 72.
num_arena_deaths: 0.
num_vsnodes_births: 2.
num_vsnodes_deaths: 0.
num_space_committed: 153.
num_space_uncommitted: 0.
num_chunks_returned_to_freelist: 0.
num_chunks_taken_from_freelist: 374.
num_chunk_merges: 0.
num_chunk_splits: 261.
num_chunks_enlarged: 221.
num_inconsistent_stats: 0.

CodeHeap 'non-profiled nmethods': size=120064Kb used=719Kb max_used=719Kb free=119344Kb
 bounds [0x000001d7abf30000, 0x000001d7ac1a0000, 0x000001d7b3470000]
CodeHeap 'profiled nmethods': size=120000Kb used=3547Kb max_used=3547Kb free=116452Kb
 bounds [0x000001d7a4470000, 0x000001d7a47f0000, 0x000001d7ab9a0000]
CodeHeap 'non-nmethods': size=5696Kb used=1498Kb max_used=1526Kb free=4197Kb
 bounds [0x000001d7ab9a0000, 0x000001d7abc10000, 0x000001d7abf30000]
 total_blobs=2270 nmethods=1802 adapters=373
 compilation: enabled
              stopped_count=0, restarted_count=0
 full_count=0

Compilation events (20 events):
Event: 4.694 Thread 0x000001d7b7e3bf00 1793       3       java.lang.reflect.Constructor::copy (72 bytes)
Event: 4.694 Thread 0x000001d7b7e3bf00 nmethod 1793 0x000001d7a47e5010 code [0x000001d7a47e51e0, 0x000001d7a47e5590]
Event: 4.696 Thread 0x000001d7b7dddfb0 nmethod 1794 0x000001d7abfe2d90 code [0x000001d7abfe2f20, 0x000001d7abfe3220]
Event: 4.709 Thread 0x000001d7b7e3bf00 1795   !   3       java.nio.ByteBuffer::wrap (21 bytes)
Event: 4.709 Thread 0x000001d7b7e3bf00 nmethod 1795 0x000001d7a47e5690 code [0x000001d7a47e5860, 0x000001d7a47e5b10]
Event: 4.710 Thread 0x000001d7b7e3bf00 1796       1       java.util.stream.Collectors$CollectorImpl::supplier (5 bytes)
Event: 4.710 Thread 0x000001d7b7e3bf00 nmethod 1796 0x000001d7abfe3310 code [0x000001d7abfe34a0, 0x000001d7abfe3568]
Event: 4.712 Thread 0x000001d7b7e3bf00 1797       1       java.util.stream.Collectors$CollectorImpl::accumulator (5 bytes)
Event: 4.712 Thread 0x000001d7b7e3bf00 nmethod 1797 0x000001d7abfe3610 code [0x000001d7abfe37a0, 0x000001d7abfe3868]
Event: 4.712 Thread 0x000001d7b7e3bf00 1798       1       java.util.stream.Collectors$CollectorImpl::combiner (5 bytes)
Event: 4.712 Thread 0x000001d7b7e3bf00 nmethod 1798 0x000001d7abfe3910 code [0x000001d7abfe3aa0, 0x000001d7abfe3b68]
Event: 4.713 Thread 0x000001d7b7e3bf00 1799       3       java.lang.reflect.AccessibleObject::isAnnotationPresent (6 bytes)
Event: 4.713 Thread 0x000001d7b7e3bf00 nmethod 1799 0x000001d7a47e5c90 code [0x000001d7a47e5e40, 0x000001d7a47e60c0]
Event: 4.714 Thread 0x000001d7b7e3bf00 1800       1       java.util.stream.ReduceOps$Box::get (5 bytes)
Event: 4.714 Thread 0x000001d7b7e3bf00 nmethod 1800 0x000001d7abfe3c10 code [0x000001d7abfe3da0, 0x000001d7abfe3e68]
Event: 4.715 Thread 0x000001d7b7e3bf00 1801       3       com.google.common.cache.LocalCache::get (21 bytes)
Event: 4.715 Thread 0x000001d7b7e3bf00 nmethod 1801 0x000001d7a47e6190 code [0x000001d7a47e63a0, 0x000001d7a47e6918]
Event: 4.715 Thread 0x000001d7b7e3bf00 1802       3       com.google.common.cache.LocalCache::rehash (49 bytes)
Event: 4.715 Thread 0x000001d7b7e3bf00 nmethod 1802 0x000001d7a47e6b90 code [0x000001d7a47e6d20, 0x000001d7a47e6e50]
Event: 4.716 Thread 0x000001d7b7e3bf00 1803       3       com.google.common.cache.LocalCache$Segment::getEntry (73 bytes)

GC Heap History (6 events):
Event: 1.469 GC heap before
{Heap before GC invocations=0 (full 0):
 garbage-first heap   total 131072K, used 5120K [0x0000000080c00000, 0x0000000100000000)
  region size 1024K, 6 young (6144K), 0 survivors (0K)
 Metaspace       used 2086K, committed 2240K, reserved 1114112K
  class space    used 199K, committed 256K, reserved 1048576K
}
Event: 1.498 GC heap after
{Heap after GC invocations=1 (full 0):
 garbage-first heap   total 131072K, used 2042K [0x0000000080c00000, 0x0000000100000000)
  region size 1024K, 1 young (1024K), 1 survivors (1024K)
 Metaspace       used 2086K, committed 2240K, reserved 1114112K
  class space    used 199K, committed 256K, reserved 1048576K
}
Event: 2.316 GC heap before
{Heap before GC invocations=1 (full 0):
 garbage-first heap   total 131072K, used 6138K [0x0000000080c00000, 0x0000000100000000)
  region size 1024K, 6 young (6144K), 1 survivors (1024K)
 Metaspace       used 3430K, committed 3648K, reserved 1114112K
  class space    used 346K, committed 448K, reserved 1048576K
}
Event: 2.322 GC heap after
{Heap after GC invocations=2 (full 0):
 garbage-first heap   total 131072K, used 3408K [0x0000000080c00000, 0x0000000100000000)
  region size 1024K, 1 young (1024K), 1 survivors (1024K)
 Metaspace       used 3430K, committed 3648K, reserved 1114112K
  class space    used 346K, committed 448K, reserved 1048576K
}
Event: 3.057 GC heap before
{Heap before GC invocations=2 (full 0):
 garbage-first heap   total 131072K, used 12624K [0x0000000080c00000, 0x0000000100000000)
  region size 1024K, 10 young (10240K), 1 survivors (1024K)
 Metaspace       used 5665K, committed 5888K, reserved 1114112K
  class space    used 651K, committed 768K, reserved 1048576K
}
Event: 3.062 GC heap after
{Heap after GC invocations=3 (full 0):
 garbage-first heap   total 131072K, used 4021K [0x0000000080c00000, 0x0000000100000000)
  region size 1024K, 2 young (2048K), 2 survivors (2048K)
 Metaspace       used 5665K, committed 5888K, reserved 1114112K
  class space    used 651K, committed 768K, reserved 1048576K
}

Dll operation events (8 events):
Event: 0.024 Loaded shared library C:\Program Files\Java\jdk-21\bin\java.dll
Event: 0.109 Loaded shared library C:\Program Files\Java\jdk-21\bin\jsvml.dll
Event: 0.182 Loaded shared library C:\Program Files\Java\jdk-21\bin\net.dll
Event: 0.186 Loaded shared library C:\Program Files\Java\jdk-21\bin\nio.dll
Event: 0.191 Loaded shared library C:\Program Files\Java\jdk-21\bin\zip.dll
Event: 0.822 Loaded shared library C:\apache-maven-3.9.9\lib\jansi-native\Windows\x86_64\jansi.dll
Event: 0.863 Loaded shared library C:\Program Files\Java\jdk-21\bin\verify.dll
Event: 0.983 Loaded shared library C:\Program Files\Java\jdk-21\bin\jimage.dll

Deoptimization events (20 events):
Event: 4.328 Thread 0x000001d79bfe9240 Uncommon trap: trap_request=0xffffffde fr.pc=0x000001d7abfd415c relative=0x000000000000013c
Event: 4.328 Thread 0x000001d79bfe9240 Uncommon trap: reason=class_check action=maybe_recompile pc=0x000001d7abfd415c method=jdk.internal.misc.Unsafe.allocateUninitializedArray(Ljava/lang/Class;I)Ljava/lang/Object; @ 51 c2
Event: 4.328 Thread 0x000001d79bfe9240 DEOPT PACKING pc=0x000001d7abfd415c sp=0x0000005cc51f9af0
Event: 4.328 Thread 0x000001d79bfe9240 DEOPT UNPACKING pc=0x000001d7ab9f7da2 sp=0x0000005cc51f9a68 mode 2
Event: 4.673 Thread 0x000001d79bfe9240 Uncommon trap: trap_request=0xffffffd6 fr.pc=0x000001d7abfe25a4 relative=0x0000000000000184
Event: 4.673 Thread 0x000001d79bfe9240 Uncommon trap: reason=array_check action=maybe_recompile pc=0x000001d7abfe25a4 method=java.util.stream.Nodes$FixedNodeBuilder.accept(Ljava/lang/Object;)V @ 28 c2
Event: 4.673 Thread 0x000001d79bfe9240 DEOPT PACKING pc=0x000001d7abfe25a4 sp=0x0000005cc51fe050
Event: 4.673 Thread 0x000001d79bfe9240 DEOPT UNPACKING pc=0x000001d7ab9f7da2 sp=0x0000005cc51fdff0 mode 2
Event: 4.673 Thread 0x000001d79bfe9240 Uncommon trap: trap_request=0xffffffd6 fr.pc=0x000001d7abfe25a4 relative=0x0000000000000184
Event: 4.673 Thread 0x000001d79bfe9240 Uncommon trap: reason=array_check action=maybe_recompile pc=0x000001d7abfe25a4 method=java.util.stream.Nodes$FixedNodeBuilder.accept(Ljava/lang/Object;)V @ 28 c2
Event: 4.673 Thread 0x000001d79bfe9240 DEOPT PACKING pc=0x000001d7abfe25a4 sp=0x0000005cc51fe050
Event: 4.673 Thread 0x000001d79bfe9240 DEOPT UNPACKING pc=0x000001d7ab9f7da2 sp=0x0000005cc51fdff0 mode 2
Event: 4.673 Thread 0x000001d79bfe9240 Uncommon trap: trap_request=0xffffffd6 fr.pc=0x000001d7abfe25a4 relative=0x0000000000000184
Event: 4.673 Thread 0x000001d79bfe9240 Uncommon trap: reason=array_check action=maybe_recompile pc=0x000001d7abfe25a4 method=java.util.stream.Nodes$FixedNodeBuilder.accept(Ljava/lang/Object;)V @ 28 c2
Event: 4.673 Thread 0x000001d79bfe9240 DEOPT PACKING pc=0x000001d7abfe25a4 sp=0x0000005cc51fe050
Event: 4.673 Thread 0x000001d79bfe9240 DEOPT UNPACKING pc=0x000001d7ab9f7da2 sp=0x0000005cc51fdff0 mode 2
Event: 4.673 Thread 0x000001d79bfe9240 Uncommon trap: trap_request=0xffffffd6 fr.pc=0x000001d7abfe25a4 relative=0x0000000000000184
Event: 4.673 Thread 0x000001d79bfe9240 Uncommon trap: reason=array_check action=maybe_recompile pc=0x000001d7abfe25a4 method=java.util.stream.Nodes$FixedNodeBuilder.accept(Ljava/lang/Object;)V @ 28 c2
Event: 4.673 Thread 0x000001d79bfe9240 DEOPT PACKING pc=0x000001d7abfe25a4 sp=0x0000005cc51fe050
Event: 4.673 Thread 0x000001d79bfe9240 DEOPT UNPACKING pc=0x000001d7ab9f7da2 sp=0x0000005cc51fdff0 mode 2

Classes loaded (20 events):
Event: 4.246 Loading class java/lang/reflect/AnnotatedParameterizedType done
Event: 4.246 Loading class sun/reflect/annotation/AnnotatedTypeFactory$AnnotatedParameterizedTypeImpl done
Event: 4.467 Loading class java/util/concurrent/CompletionService
Event: 4.467 Loading class java/util/concurrent/CompletionService done
Event: 4.489 Loading class java/util/EventObject
Event: 4.489 Loading class java/util/EventObject done
Event: 4.535 Loading class java/lang/reflect/Executable$ParameterData
Event: 4.535 Loading class java/lang/reflect/Executable$ParameterData done
Event: 4.537 Loading class sun/reflect/generics/scope/ConstructorScope
Event: 4.537 Loading class sun/reflect/generics/scope/ConstructorScope done
Event: 4.537 Loading class sun/reflect/generics/repository/ConstructorRepository
Event: 4.537 Loading class sun/reflect/generics/repository/ConstructorRepository done
Event: 4.537 Loading class sun/reflect/generics/tree/VoidDescriptor
Event: 4.537 Loading class sun/reflect/generics/tree/VoidDescriptor done
Event: 4.537 Loading class sun/reflect/generics/tree/MethodTypeSignature
Event: 4.537 Loading class sun/reflect/generics/tree/MethodTypeSignature done
Event: 4.542 Loading class java/security/NoSuchAlgorithmException
Event: 4.542 Loading class java/security/GeneralSecurityException
Event: 4.542 Loading class java/security/GeneralSecurityException done
Event: 4.542 Loading class java/security/NoSuchAlgorithmException done

Classes unloaded (0 events):
No events

Classes redefined (0 events):
No events

Internal exceptions (20 events):
Event: 0.845 Thread 0x000001d79bfe9240 Exception <a 'java/lang/NullPointerException'{0x0000000088746cd0}> (0x0000000088746cd0) 
thrown [s\open\src\hotspot\share\interpreter\linkResolver.cpp, line 1372]
Event: 0.845 Thread 0x000001d79bfe9240 Exception <a 'java/lang/NullPointerException'{0x0000000088746fb0}> (0x0000000088746fb0) 
thrown [s\open\src\hotspot\share\interpreter\linkResolver.cpp, line 1372]
Event: 0.845 Thread 0x000001d79bfe9240 Exception <a 'java/lang/NullPointerException'{0x0000000088747290}> (0x0000000088747290) 
thrown [s\open\src\hotspot\share\interpreter\linkResolver.cpp, line 1372]
Event: 0.856 Thread 0x000001d79bfe9240 Exception <a 'sun/nio/fs/WindowsException'{0x0000000088770fb8}> (0x0000000088770fb8) 
thrown [s\open\src\hotspot\share\prims\jni.cpp, line 520]
Event: 0.857 Thread 0x000001d79bfe9240 Exception <a 'sun/nio/fs/WindowsException'{0x0000000088771660}> (0x0000000088771660) 
thrown [s\open\src\hotspot\share\prims\jni.cpp, line 520]
Event: 0.857 Thread 0x000001d79bfe9240 Exception <a 'sun/nio/fs/WindowsException'{0x0000000088771bc0}> (0x0000000088771bc0) 
thrown [s\open\src\hotspot\share\prims\jni.cpp, line 520]
Event: 0.858 Thread 0x000001d79bfe9240 Exception <a 'sun/nio/fs/WindowsException'{0x00000000887720c8}> (0x00000000887720c8) 
thrown [s\open\src\hotspot\share\prims\jni.cpp, line 520]
Event: 0.858 Thread 0x000001d79bfe9240 Exception <a 'sun/nio/fs/WindowsException'{0x0000000088772588}> (0x0000000088772588) 
thrown [s\open\src\hotspot\share\prims\jni.cpp, line 520]
Event: 0.880 Thread 0x000001d79bfe9240 Exception <a 'java/lang/NoSuchMethodError'{0x00000000887bdeb0}: 'void java.lang.invoke.DirectMethodHandle$Holder.invokeStatic(java.lang.Object, java.lang.Object)'> (0x00000000887bdeb0) 
thrown [s\open\src\hotspot\share\interpreter\linkResolver.cpp, line 773]
Event: 0.881 Thread 0x000001d79bfe9240 Exception <a 'java/lang/NoSuchMethodError'{0x00000000887c1290}: 'void java.lang.invoke.DirectMethodHandle$Holder.invokeStaticInit(java.lang.Object, java.lang.Object)'> (0x00000000887c1290) 
thrown [s\open\src\hotspot\share\interpreter\linkResolver.cpp, line 773]
Event: 0.962 Thread 0x000001d79bfe9240 Exception <a 'java/lang/NoSuchMethodError'{0x00000000887f6168}: 'void java.lang.invoke.DirectMethodHandle$Holder.invokeStatic(java.lang.Object, java.lang.Object, java.lang.Object)'> (0x00000000887f6168) 
thrown [s\open\src\hotspot\share\interpreter\linkResolver.cpp, line 773]
Event: 1.662 Thread 0x000001d79bfe9240 Exception <a 'java/lang/NoSuchMethodError'{0x0000000088ba8550}: 'java.lang.Object java.lang.invoke.DirectMethodHandle$Holder.invokeSpecialIFC(java.lang.Object, java.lang.Object, java.lang.Object, java.lang.Object)'> (0x0000000088ba8550) 
thrown [s\open\src\hotspot\share\interpreter\linkResolver.cpp, line 773]
Event: 2.436 Thread 0x000001d79bfe9240 Exception <a 'java/lang/NoSuchMethodError'{0x0000000088a44c28}: 'void java.lang.invoke.DirectMethodHandle$Holder.invokeSpecial(java.lang.Object, java.lang.Object, java.lang.Object)'> (0x0000000088a44c28) 
thrown [s\open\src\hotspot\share\interpreter\linkResolver.cpp, line 773]
Event: 2.504 Thread 0x000001d79bfe9240 Exception <a 'java/lang/NoSuchMethodError'{0x000000008898bf30}: 'java.lang.Object java.lang.invoke.DirectMethodHandle$Holder.invokeInterface(java.lang.Object, java.lang.Object)'> (0x000000008898bf30) 
thrown [s\open\src\hotspot\share\interpreter\linkResolver.cpp, line 773]
Event: 2.547 Thread 0x000001d79bfe9240 Exception <a 'java/lang/NoSuchMethodError'{0x0000000088823270}: 'int java.lang.invoke.DirectMethodHandle$Holder.invokeStatic(java.lang.Object, java.lang.Object, java.lang.Object, java.lang.Object)'> (0x0000000088823270) 
thrown [s\open\src\hotspot\share\interpreter\linkResolver.cpp, line 773]
Event: 2.547 Thread 0x000001d79bfe9240 Exception <a 'java/lang/NoSuchMethodError'{0x0000000088826900}: 'java.lang.Object java.lang.invoke.Invokers$Holder.invokeExact_MT(java.lang.Object, java.lang.Object, java.lang.Object, java.lang.Object, java.lang.Object, java.lang.Object)'> (0x0000000088826900) 
thrown [s\open\src\hotspot\share\interpreter\linkResolver.cpp, line 773]
Event: 2.554 Thread 0x000001d79bfe9240 Exception <a 'java/lang/NoSuchMethodError'{0x00000000888351f8}: 'int java.lang.invoke.DirectMethodHandle$Holder.invokeSpecialIFC(java.lang.Object, java.lang.Object, java.lang.Object, java.lang.Object, java.lang.Object)'> (0x00000000888351f8) 
thrown [s\open\src\hotspot\share\interpreter\linkResolver.cpp, line 773]
Event: 2.655 Thread 0x000001d79bfe9240 Exception <a 'java/lang/NoSuchMethodError'{0x00000000887bea68}: 'java.lang.Object java.lang.invoke.DirectMethodHandle$Holder.newInvokeSpecial(java.lang.Object, java.lang.Object, java.lang.Object, java.lang.Object, java.lang.Object)'> (0x00000000887bea68) 
thrown [s\open\src\hotspot\share\interpreter\linkResolver.cpp, line 773]
Event: 2.727 Thread 0x000001d79bfe9240 Exception <a 'java/lang/NoSuchMethodError'{0x00000000885ba910}: 'int java.lang.invoke.DirectMethodHandle$Holder.invokeStaticInit(java.lang.Object, java.lang.Object)'> (0x00000000885ba910) 
thrown [s\open\src\hotspot\share\interpreter\linkResolver.cpp, line 773]
Event: 2.754 Thread 0x000001d79bfe9240 Exception <a 'java/lang/NoClassDefFoundError'{0x00000000885efb58}: javax/enterprise/inject/Typed> (0x00000000885efb58) 
thrown [s\open\src\hotspot\share\classfile\systemDictionary.cpp, line 301]

ZGC Phase Switch (0 events):
No events

VM Operations (20 events):
Event: 0.193 Executing VM operation: HandshakeAllThreads (Deoptimize)
Event: 0.193 Executing VM operation: HandshakeAllThreads (Deoptimize) done
Event: 0.807 Executing VM operation: HandshakeAllThreads (Deoptimize)
Event: 0.807 Executing VM operation: HandshakeAllThreads (Deoptimize) done
Event: 0.991 Executing VM operation: HandshakeAllThreads (Deoptimize)
Event: 1.317 Executing VM operation: HandshakeAllThreads (Deoptimize) done
Event: 1.317 Executing VM operation: Cleanup
Event: 1.317 Executing VM operation: Cleanup done
Event: 1.469 Executing VM operation: G1CollectForAllocation (G1 Evacuation Pause)
Event: 1.498 Executing VM operation: G1CollectForAllocation (G1 Evacuation Pause) done
Event: 2.316 Executing VM operation: G1CollectForAllocation (G1 Evacuation Pause)
Event: 2.338 Executing VM operation: G1CollectForAllocation (G1 Evacuation Pause) done
Event: 3.057 Executing VM operation: G1CollectForAllocation (G1 Evacuation Pause)
Event: 3.075 Executing VM operation: G1CollectForAllocation (G1 Evacuation Pause) done
Event: 4.081 Executing VM operation: Cleanup
Event: 4.085 Executing VM operation: Cleanup done
Event: 4.278 Executing VM operation: HandshakeAllThreads (Deoptimize)
Event: 4.278 Executing VM operation: HandshakeAllThreads (Deoptimize) done
Event: 4.581 Executing VM operation: HandshakeAllThreads (Deoptimize)
Event: 4.581 Executing VM operation: HandshakeAllThreads (Deoptimize) done

Events (13 events):
Event: 0.074 Thread 0x000001d79bfe9240 Thread added: 0x000001d79bfe9240
Event: 0.103 Thread 0x000001d7b7dd2d80 Thread added: 0x000001d7b7dd2d80
Event: 0.103 Thread 0x000001d7b7dd47e0 Thread added: 0x000001d7b7dd47e0
Event: 0.104 Thread 0x000001d7b7dda060 Thread added: 0x000001d7b7dda060
Event: 0.104 Thread 0x000001d7b7ddaba0 Thread added: 0x000001d7b7ddaba0
Event: 0.104 Thread 0x000001d7b7ddb6e0 Thread added: 0x000001d7b7ddb6e0
Event: 0.104 Thread 0x000001d7b7ddc220 Thread added: 0x000001d7b7ddc220
Event: 0.104 Thread 0x000001d7b7dddfb0 Thread added: 0x000001d7b7dddfb0
Event: 0.120 Thread 0x000001d7b7e3bf00 Thread added: 0x000001d7b7e3bf00
Event: 0.168 Thread 0x000001d7fd0e08c0 Thread added: 0x000001d7fd0e08c0
Event: 0.175 Thread 0x000001d7fd0f1370 Thread added: 0x000001d7fd0f1370
Event: 0.815 Thread 0x000001d7fd3f86e0 Thread added: 0x000001d7fd3f86e0
Event: 3.834 Thread 0x000001d7fd3f86e0 Thread exited: 0x000001d7fd3f86e0


Dynamic libraries:
0x00007ff6df3e0000 - 0x00007ff6df3f0000 	C:\Program Files\Java\jdk-21\bin\java.exe
0x00007ffaa9de0000 - 0x00007ffaaa043000 	C:\Windows\SYSTEM32\ntdll.dll
0x00007ffaa9170000 - 0x00007ffaa9237000 	C:\Windows\System32\KERNEL32.DLL
0x00007ffaa7180000 - 0x00007ffaa7547000 	C:\Windows\System32\KERNELBASE.dll
0x00007ffaa7ad0000 - 0x00007ffaa7c1c000 	C:\Windows\System32\ucrtbase.dll
0x00007ffa90920000 - 0x00007ffa90939000 	C:\Program Files\Java\jdk-21\bin\jli.dll
0x00007ffaa8390000 - 0x00007ffaa8444000 	C:\Windows\System32\ADVAPI32.dll
0x00007ffaa94c0000 - 0x00007ffaa9569000 	C:\Windows\System32\msvcrt.dll
0x00007ffaa9860000 - 0x00007ffaa9906000 	C:\Windows\System32\sechost.dll
0x00007ffaa7c20000 - 0x00007ffaa7d36000 	C:\Windows\System32\RPCRT4.dll
0x00007ffaa9240000 - 0x00007ffaa9409000 	C:\Windows\System32\USER32.dll
0x00007ffaa7930000 - 0x00007ffaa7957000 	C:\Windows\System32\win32u.dll
0x00007ffaa7e30000 - 0x00007ffaa7e5a000 	C:\Windows\System32\GDI32.dll
0x00007ffaa7800000 - 0x00007ffaa792b000 	C:\Windows\System32\gdi32full.dll
0x00007ffaa7a20000 - 0x00007ffaa7ac3000 	C:\Windows\System32\msvcp_win.dll
0x00007ffa8fd50000 - 0x00007ffa8fd6b000 	C:\Program Files\Java\jdk-21\bin\VCRUNTIME140.dll
0x00007ffa81e70000 - 0x00007ffa82100000 	C:\Windows\WinSxS\amd64_microsoft.windows.common-controls_6595b64144ccf1df_6.0.26100.3037_none_3e09262ce333c378\COMCTL32.dll
0x00007ffa9c7d0000 - 0x00007ffa9c7db000 	C:\Windows\SYSTEM32\VERSION.dll
0x00007ffaa8c80000 - 0x00007ffaa8caf000 	C:\Windows\System32\IMM32.DLL
0x00007ffa90950000 - 0x00007ffa9095c000 	C:\Program Files\Java\jdk-21\bin\vcruntime140_1.dll
0x00007ffa855a0000 - 0x00007ffa8562e000 	C:\Program Files\Java\jdk-21\bin\msvcp140.dll
0x00007ffa365e0000 - 0x00007ffa372fa000 	C:\Program Files\Java\jdk-21\bin\server\jvm.dll
0x00007ffaa95f0000 - 0x00007ffaa9664000 	C:\Windows\System32\WS2_32.dll
0x00007ffaa7010000 - 0x00007ffaa705e000 	C:\Windows\SYSTEM32\POWRPROF.dll
0x00007ffa73c10000 - 0x00007ffa73c46000 	C:\Windows\SYSTEM32\WINMM.dll
0x00007ffaa6ff0000 - 0x00007ffaa7004000 	C:\Windows\SYSTEM32\UMPDC.dll
0x00007ffaa5f70000 - 0x00007ffaa5f8a000 	C:\Windows\SYSTEM32\kernel.appcore.dll
0x00007ffa90450000 - 0x00007ffa9045a000 	C:\Program Files\Java\jdk-21\bin\jimage.dll
0x00007ffa97420000 - 0x00007ffa97661000 	C:\Windows\SYSTEM32\DBGHELP.DLL
0x00007ffaa8000000 - 0x00007ffaa837e000 	C:\Windows\System32\combase.dll
0x00007ffaa7d50000 - 0x00007ffaa7e26000 	C:\Windows\System32\OLEAUT32.dll
0x00007ffa98a00000 - 0x00007ffa98a39000 	C:\Windows\SYSTEM32\dbgcore.DLL
0x00007ffaa7760000 - 0x00007ffaa77f9000 	C:\Windows\System32\bcryptPrimitives.dll
0x00007ffa8fbf0000 - 0x00007ffa8fc0f000 	C:\Program Files\Java\jdk-21\bin\java.dll
0x00007ffaa8450000 - 0x00007ffaa8b54000 	C:\Windows\System32\SHELL32.dll
0x00007ffaa4e60000 - 0x00007ffaa5697000 	C:\Windows\SYSTEM32\windows.storage.dll
0x00007ffaa8dc0000 - 0x00007ffaa8ea9000 	C:\Windows\System32\SHCORE.dll
0x00007ffaa97d0000 - 0x00007ffaa982d000 	C:\Windows\System32\shlwapi.dll
0x00007ffaa7090000 - 0x00007ffaa70be000 	C:\Windows\SYSTEM32\profapi.dll
0x00007ffa747d0000 - 0x00007ffa748a7000 	C:\Program Files\Java\jdk-21\bin\jsvml.dll
0x00007ffa903e0000 - 0x00007ffa903f0000 	C:\Program Files\Java\jdk-21\bin\net.dll
0x00007ffa9f660000 - 0x00007ffa9f77e000 	C:\Windows\SYSTEM32\WINHTTP.dll
0x00007ffaa6460000 - 0x00007ffaa64ca000 	C:\Windows\system32\mswsock.dll
0x00007ffa8fba0000 - 0x00007ffa8fbb6000 	C:\Program Files\Java\jdk-21\bin\nio.dll
0x00007ffa8fb80000 - 0x00007ffa8fb98000 	C:\Program Files\Java\jdk-21\bin\zip.dll
0x00007ffa8fb50000 - 0x00007ffa8fb74000 	C:\apache-maven-3.9.9\lib\jansi-native\Windows\x86_64\jansi.dll
0x00007ffa90010000 - 0x00007ffa90020000 	C:\Program Files\Java\jdk-21\bin\verify.dll

dbghelp: loaded successfully - version: 4.0.5 - missing functions: none
symbol engine: initialized successfully - sym options: 0x614 - pdb path: .;C:\Program Files\Java\jdk-21\bin;C:\Windows\SYSTEM32;C:\Windows\WinSxS\amd64_microsoft.windows.common-controls_6595b64144ccf1df_6.0.26100.3037_none_3e09262ce333c378;C:\Program Files\Java\jdk-21\bin\server;C:\apache-maven-3.9.9\lib\jansi-native\Windows\x86_64

VM Arguments:
jvm_args: -Dclassworlds.conf=C:\apache-maven-3.9.9\bin\m2.conf -Dmaven.home=C:\apache-maven-3.9.9 -Dlibrary.jansi.path=C:\apache-maven-3.9.9\lib\jansi-native -Dmaven.multiModuleProjectDirectory=C:\Users\android\Desktop\Cab-Booking-Application 
java_command: org.codehaus.plexus.classworlds.launcher.Launcher clean compile
java_class_path (initial): C:\apache-maven-3.9.9\boot\plexus-classworlds-2.8.0.jar
Launcher Type: SUN_STANDARD

[Global flags]
     intx CICompilerCount                          = 2                                         {product} {ergonomic}
     uint ConcGCThreads                            = 1                                         {product} {ergonomic}
     uint G1ConcRefinementThreads                  = 2                                         {product} {ergonomic}
   size_t G1HeapRegionSize                         = 1048576                                   {product} {ergonomic}
    uintx GCDrainStackTargetSize                   = 64                                        {product} {ergonomic}
   size_t InitialHeapSize                          = 134217728                                 {product} {ergonomic}
   size_t MarkStackSize                            = 4194304                                   {product} {ergonomic}
   size_t MaxHeapSize                              = 2134900736                                {product} {ergonomic}
   size_t MaxNewSize                               = 1280311296                                {product} {ergonomic}
   size_t MinHeapDeltaBytes                        = 1048576                                   {product} {ergonomic}
   size_t MinHeapSize                              = 8388608                                   {product} {ergonomic}
    uintx NonNMethodCodeHeapSize                   = 5826188                                {pd product} {ergonomic}
    uintx NonProfiledCodeHeapSize                  = 122916026                              {pd product} {ergonomic}
    uintx ProfiledCodeHeapSize                     = 122916026                              {pd product} {ergonomic}
    uintx ReservedCodeCacheSize                    = 251658240                              {pd product} {ergonomic}
     bool SegmentedCodeCache                       = true                                      {product} {ergonomic}
   size_t SoftMaxHeapSize                          = 2134900736                             {manageable} {ergonomic}
     bool UseCompressedOops                        = true                           {product lp64_product} {ergonomic}
     bool UseG1GC                                  = true                                      {product} {ergonomic}
     bool UseLargePagesIndividualAllocation        = false                                  {pd product} {ergonomic}

Logging:
Log output configuration:
 #0: stdout all=warning uptime,level,tags foldmultilines=false
 #1: stderr all=off uptime,level,tags foldmultilines=false

Environment Variables:
PATH=C:\app\android\product\21c\dbhomeXE\bin;C:\Program Files\Common Files\Oracle\Java\javapath;C:\Windows\system32;C:\Windows;C:\Windows\System32\Wbem;C:\Windows\System32\WindowsPowerShell\v1.0\;C:\Windows\System32\OpenSSH\;C:\Program Files\Git\cmd;C:\Flutter\bin;C:\ProgramData\chocolatey\bin;C:\Program Files\Docker\Docker\resources\bin;C:\Program Files\nodejs\;c:\Users\android\AppData\Local\Programs\cursor\resources\app\bin;C:\tomcat9\bin;C:\apache-maven-3.9.9\bin;C:\Users\android\AppData\Local\Microsoft\WindowsApps;C:\Users\android\AppData\Local\Programs\Microsoft VS Code\bin;C:\Users\android\AppData\Roaming\npm;C:\Users\android\AppData\Local\Programs\cursor\resources\app\bin
USERNAME=android
LANG=en_US.UTF-8
OS=Windows_NT
PROCESSOR_IDENTIFIER=Intel64 Family 6 Model 85 Stepping 7, GenuineIntel
TMP=C:\Users\android\AppData\Local\Temp
TEMP=C:\Users\android\AppData\Local\Temp




Periodic native trim disabled

---------------  S Y S T E M  ---------------

OS:
 Windows 11 , 64 bit Build 26100 (10.0.26100.3037)
OS uptime: 0 days 22:03 hours
Hyper-V role detected

CPU: total 2 (initial active 2) (1 cores per cpu, 2 threads per core) family 6 model 85 stepping 7 microcode 0xffffffff, cx8, cmov, fxsr, ht, mmx, 3dnowpref, sse, sse2, sse3, ssse3, sse4.1, sse4.2, popcnt, lzcnt, tsc, tscinvbit, avx, avx2, aes, erms, clmul, bmi1, bmi2, rtm, adx, avx512f, avx512dq, avx512cd, avx512bw, avx512vl, fma, vzeroupper, avx512_vnni, clflush, clflushopt, clwb, hv, rdtscp, f16c
Processor Information for all 2 processors :
  Max Mhz: 2594, Current Mhz: 2594, Mhz Limit: 2594

Memory: 4k page, system-wide physical 8140M (1257M free)
TotalPageFile size 10188M (AvailPageFile size 3M)
current process WorkingSet (physical memory assigned to process): 97M, peak: 97M
current process commit charge ("private bytes"): 219M, peak: 219M

vm_info: Java HotSpot(TM) 64-Bit Server VM (21.0.6+8-LTS-188) for windows-amd64 JRE (21.0.6+8-LTS-188), built on 2024-12-03T10:50:54Z by "mach5one" with MS VC++ 17.6 (VS2022)

END.
