#
# There is insufficient memory for the Java Runtime Environment to continue.
# Native memory allocation (mmap) failed to map 134217728 bytes for G1 virtual space
# Possible reasons:
#   The system is out of physical RAM or swap space
#   The process is running with CompressedOops enabled, and the Java Heap may be blocking the growth of the native heap
# Possible solutions:
#   Reduce memory load on the system
#   Increase physical memory or swap space
#   Check if swap backing store is full
#   Decrease Java heap size (-Xmx/-Xms)
#   Decrease number of Java threads
#   Decrease Java thread stack sizes (-Xss)
#   Set larger code cache with -XX:ReservedCodeCacheSize=
#   JVM is running with Unscaled Compressed Oops mode in which the Java heap is
#     placed in the first 4GB address space. The Java Heap base address is the
#     maximum limit for the native heap growth. Please use -XX:HeapBaseMinAddress
#     to set the Java Heap base and to place the Java Heap above 4GB virtual address.
# This output file may be truncated or incomplete.
#
#  Out of Memory Error (os_windows.cpp:3603), pid=4536, tid=4784
#
# JRE version:  (21.0.6+8) (build )
# Java VM: Java HotSpot(TM) 64-Bit Server VM (21.0.6+8-LTS-188, mixed mode, sharing, tiered, compressed oops, compressed class ptrs, g1 gc, windows-amd64)
# No core dump will be written. Minidumps are not enabled by default on client versions of Windows
#

---------------  S U M M A R Y ------------

Command Line: -Dclassworlds.conf=C:\apache-maven-3.9.9\bin\m2.conf -Dmaven.home=C:\apache-maven-3.9.9 -Dlibrary.jansi.path=C:\apache-maven-3.9.9\lib\jansi-native -Dmaven.multiModuleProjectDirectory=C:\Users\android\Desktop\Cab-Booking-Application org.codehaus.plexus.classworlds.launcher.Launcher clean compile

Host: Intel(R) Xeon(R) Platinum 8272CL CPU @ 2.60GHz, 2 cores, 7G,  Windows 11 , 64 bit Build 26100 (10.0.26100.3037)
Time: Thu Mar 13 16:15:24 2025 India Standard Time elapsed time: 0.076346 seconds (0d 0h 0m 0s)

---------------  T H R E A D  ---------------

Current thread (0x000001bb2e27ca00):  JavaThread "Unknown thread" [_thread_in_vm, id=4784, stack(0x00000056b9e00000,0x00000056b9f00000) (1024K)]

Stack: [0x00000056b9e00000,0x00000056b9f00000]
Native frames: (J=compiled Java code, j=interpreted, Vv=VM code, C=native code)
V  [jvm.dll+0x6ca6d9]
V  [jvm.dll+0x854f51]
V  [jvm.dll+0x85747e]
V  [jvm.dll+0x857b53]
V  [jvm.dll+0x27dcc6]
V  [jvm.dll+0x6c6e55]
V  [jvm.dll+0x6bb9da]
V  [jvm.dll+0x35393a]
V  [jvm.dll+0x35b596]
V  [jvm.dll+0x3adefe]
V  [jvm.dll+0x3ae1a8]
V  [jvm.dll+0x327cbc]
V  [jvm.dll+0x32881b]
V  [jvm.dll+0x81e309]
V  [jvm.dll+0x3babe1]
V  [jvm.dll+0x807658]
V  [jvm.dll+0x44fdae]
V  [jvm.dll+0x4519a1]
C  [jli.dll+0x52a3]
C  [ucrtbase.dll+0x37b0]
C  [KERNEL32.DLL+0x2e8d7]
C  [ntdll.dll+0xbbf2c]


---------------  P R O C E S S  ---------------

Threads class SMR info:
_java_thread_list=0x00007ffa371acc08, length=0, elements={
}

Java Threads: ( => current thread )
Total: 0

Other Threads:
  0x000001bb2fda9590 WorkerThread "GC Thread#0"                     [id=9464, stack(0x00000056b9f00000,0x00000056ba000000) (1024K)]
  0x000001bb2fdbac80 ConcurrentGCThread "G1 Main Marker"            [id=18992, stack(0x00000056ba000000,0x00000056ba100000) (1024K)]
  0x000001bb2fdbc600 WorkerThread "G1 Conc#0"                       [id=16440, stack(0x00000056ba100000,0x00000056ba200000) (1024K)]

[error occurred during error reporting (printing all threads), id 0xc0000005, EXCEPTION_ACCESS_VIOLATION (0xc0000005) at pc=0x00007ffa3691a427]
VM state: not at safepoint (not fully initialized)

VM Mutex/Monitor currently owned by a thread:  ([mutex/lock_event])
[0x00007ffa3721df98] Heap_lock - owner thread: 0x000001bb2e27ca00

Heap address: 0x0000000080c00000, size: 2036 MB, Compressed Oops mode: 32-bit

CDS archive(s) mapped at: [0x0000000000000000-0x0000000000000000-0x0000000000000000), size 0, SharedBaseAddress: 0x0000000800000000, ArchiveRelocationMode: 1.
Narrow klass base: 0x0000000000000000, Narrow klass shift: 0, Narrow klass range: 0x0

GC Precious Log:
 CardTable entry size: 512
 Card Set container configuration: InlinePtr #cards 5 size 8 Array Of Cards #cards 12 size 40 Howl #buckets 4 coarsen threshold 1843 Howl Bitmap #cards 512 size 80 coarsen threshold 460 Card regions per heap region 1 cards per card region 2048

Heap:
 garbage-first heap   total 0K, used 0K [0x0000000080c00000, 0x0000000100000000)
  region size 1024K, 0 young (0K), 0 survivors (0K)

[error occurred during error reporting (printing heap information), id 0xc0000005, EXCEPTION_ACCESS_VIOLATION (0xc0000005) at pc=0x00007ffa36d036a9]
GC Heap History (0 events):
No events

Dll operation events (1 events):
Event: 0.020 Loaded shared library C:\Program Files\Java\jdk-21\bin\java.dll

Deoptimization events (0 events):
No events

Classes loaded (0 events):
No events

Classes unloaded (0 events):
No events

Classes redefined (0 events):
No events

Internal exceptions (0 events):
No events

ZGC Phase Switch (0 events):
No events

VM Operations (0 events):
No events

Events (0 events):
No events


Dynamic libraries:
0x00007ff6a23e0000 - 0x00007ff6a23f0000 	C:\Program Files\Java\jdk-21\bin\java.exe
0x00007ffaa9de0000 - 0x00007ffaaa043000 	C:\Windows\SYSTEM32\ntdll.dll
0x00007ffaa9170000 - 0x00007ffaa9237000 	C:\Windows\System32\KERNEL32.DLL
0x00007ffaa7180000 - 0x00007ffaa7547000 	C:\Windows\System32\KERNELBASE.dll
0x00007ffaa7ad0000 - 0x00007ffaa7c1c000 	C:\Windows\System32\ucrtbase.dll
0x00007ffa906e0000 - 0x00007ffa906fb000 	C:\Program Files\Java\jdk-21\bin\VCRUNTIME140.dll
0x00007ffa90930000 - 0x00007ffa90949000 	C:\Program Files\Java\jdk-21\bin\jli.dll
0x00007ffaa8390000 - 0x00007ffaa8444000 	C:\Windows\System32\ADVAPI32.dll
0x00007ffaa94c0000 - 0x00007ffaa9569000 	C:\Windows\System32\msvcrt.dll
0x00007ffaa9860000 - 0x00007ffaa9906000 	C:\Windows\System32\sechost.dll
0x00007ffaa7c20000 - 0x00007ffaa7d36000 	C:\Windows\System32\RPCRT4.dll
0x00007ffa81e70000 - 0x00007ffa82100000 	C:\Windows\WinSxS\amd64_microsoft.windows.common-controls_6595b64144ccf1df_6.0.26100.3037_none_3e09262ce333c378\COMCTL32.dll
0x00007ffaa9240000 - 0x00007ffaa9409000 	C:\Windows\System32\USER32.dll
0x00007ffaa7e30000 - 0x00007ffaa7e5a000 	C:\Windows\System32\GDI32.dll
0x00007ffaa7930000 - 0x00007ffaa7957000 	C:\Windows\System32\win32u.dll
0x00007ffaa7800000 - 0x00007ffaa792b000 	C:\Windows\System32\gdi32full.dll
0x00007ffaa7a20000 - 0x00007ffaa7ac3000 	C:\Windows\System32\msvcp_win.dll
0x00007ffa9c7d0000 - 0x00007ffa9c7db000 	C:\Windows\SYSTEM32\VERSION.dll
0x00007ffaa8c80000 - 0x00007ffaa8caf000 	C:\Windows\System32\IMM32.DLL
0x00007ffaa1400000 - 0x00007ffaa140c000 	C:\Program Files\Java\jdk-21\bin\vcruntime140_1.dll
0x00007ffa87610000 - 0x00007ffa8769e000 	C:\Program Files\Java\jdk-21\bin\msvcp140.dll
0x00007ffa365e0000 - 0x00007ffa372fa000 	C:\Program Files\Java\jdk-21\bin\server\jvm.dll
0x00007ffaa95f0000 - 0x00007ffaa9664000 	C:\Windows\System32\WS2_32.dll
0x00007ffaa7010000 - 0x00007ffaa705e000 	C:\Windows\SYSTEM32\POWRPROF.dll
0x00007ffa73c10000 - 0x00007ffa73c46000 	C:\Windows\SYSTEM32\WINMM.dll
0x00007ffaa6ff0000 - 0x00007ffaa7004000 	C:\Windows\SYSTEM32\UMPDC.dll
0x00007ffaa5f70000 - 0x00007ffaa5f8a000 	C:\Windows\SYSTEM32\kernel.appcore.dll
0x00007ffa973c0000 - 0x00007ffa973ca000 	C:\Program Files\Java\jdk-21\bin\jimage.dll
0x00007ffa97420000 - 0x00007ffa97661000 	C:\Windows\SYSTEM32\DBGHELP.DLL
0x00007ffaa8000000 - 0x00007ffaa837e000 	C:\Windows\System32\combase.dll
0x00007ffaa7d50000 - 0x00007ffaa7e26000 	C:\Windows\System32\OLEAUT32.dll
0x00007ffa98a00000 - 0x00007ffa98a39000 	C:\Windows\SYSTEM32\dbgcore.DLL
0x00007ffaa7760000 - 0x00007ffaa77f9000 	C:\Windows\System32\bcryptPrimitives.dll
0x00007ffa906c0000 - 0x00007ffa906df000 	C:\Program Files\Java\jdk-21\bin\java.dll

dbghelp: loaded successfully - version: 4.0.5 - missing functions: none
symbol engine: initialized successfully - sym options: 0x614 - pdb path: .;C:\Program Files\Java\jdk-21\bin;C:\Windows\SYSTEM32;C:\Windows\WinSxS\amd64_microsoft.windows.common-controls_6595b64144ccf1df_6.0.26100.3037_none_3e09262ce333c378;C:\Program Files\Java\jdk-21\bin\server

VM Arguments:
jvm_args: -Dclassworlds.conf=C:\apache-maven-3.9.9\bin\m2.conf -Dmaven.home=C:\apache-maven-3.9.9 -Dlibrary.jansi.path=C:\apache-maven-3.9.9\lib\jansi-native -Dmaven.multiModuleProjectDirectory=C:\Users\android\Desktop\Cab-Booking-Application 
java_command: org.codehaus.plexus.classworlds.launcher.Launcher clean compile
java_class_path (initial): C:\apache-maven-3.9.9\boot\plexus-classworlds-2.8.0.jar
Launcher Type: SUN_STANDARD

[Global flags]
     intx CICompilerCount                          = 2                                         {product} {ergonomic}
     uint ConcGCThreads                            = 1                                         {product} {ergonomic}
     uint G1ConcRefinementThreads                  = 2                                         {product} {ergonomic}
   size_t G1HeapRegionSize                         = 1048576                                   {product} {ergonomic}
    uintx GCDrainStackTargetSize                   = 64                                        {product} {ergonomic}
   size_t InitialHeapSize                          = 134217728                                 {product} {ergonomic}
   size_t MarkStackSize                            = 4194304                                   {product} {ergonomic}
   size_t MaxHeapSize                              = 2134900736                                {product} {ergonomic}
   size_t MinHeapDeltaBytes                        = 1048576                                   {product} {ergonomic}
   size_t MinHeapSize                              = 8388608                                   {product} {ergonomic}
    uintx NonNMethodCodeHeapSize                   = 5826188                                {pd product} {ergonomic}
    uintx NonProfiledCodeHeapSize                  = 122916026                              {pd product} {ergonomic}
    uintx ProfiledCodeHeapSize                     = 122916026                              {pd product} {ergonomic}
    uintx ReservedCodeCacheSize                    = 251658240                              {pd product} {ergonomic}
     bool SegmentedCodeCache                       = true                                      {product} {ergonomic}
   size_t SoftMaxHeapSize                          = 2134900736                             {manageable} {ergonomic}
     bool UseCompressedOops                        = true                           {product lp64_product} {ergonomic}
     bool UseG1GC                                  = true                                      {product} {ergonomic}
     bool UseLargePagesIndividualAllocation        = false                                  {pd product} {ergonomic}

Logging:
Log output configuration:
 #0: stdout all=warning uptime,level,tags foldmultilines=false
 #1: stderr all=off uptime,level,tags foldmultilines=false

Environment Variables:
PATH=C:\app\android\product\21c\dbhomeXE\bin;C:\Program Files\Common Files\Oracle\Java\javapath;C:\Windows\system32;C:\Windows;C:\Windows\System32\Wbem;C:\Windows\System32\WindowsPowerShell\v1.0\;C:\Windows\System32\OpenSSH\;C:\Program Files\Git\cmd;C:\Flutter\bin;C:\ProgramData\chocolatey\bin;C:\Program Files\Docker\Docker\resources\bin;C:\Program Files\nodejs\;c:\Users\android\AppData\Local\Programs\cursor\resources\app\bin;C:\tomcat9\bin;C:\apache-maven-3.9.9\bin;C:\Users\android\AppData\Local\Microsoft\WindowsApps;C:\Users\android\AppData\Local\Programs\Microsoft VS Code\bin;C:\Users\android\AppData\Roaming\npm;C:\Users\android\AppData\Local\Programs\cursor\resources\app\bin
USERNAME=android
LANG=en_US.UTF-8
OS=Windows_NT
PROCESSOR_IDENTIFIER=Intel64 Family 6 Model 85 Stepping 7, GenuineIntel
TMP=C:\Users\android\AppData\Local\Temp
TEMP=C:\Users\android\AppData\Local\Temp




Periodic native trim disabled

---------------  S Y S T E M  ---------------

OS:
 Windows 11 , 64 bit Build 26100 (10.0.26100.3037)
OS uptime: 0 days 22:16 hours
Hyper-V role detected

CPU: total 2 (initial active 2) (1 cores per cpu, 2 threads per core) family 6 model 85 stepping 7 microcode 0xffffffff, cx8, cmov, fxsr, ht, mmx, 3dnowpref, sse, sse2, sse3, ssse3, sse4.1, sse4.2, popcnt, lzcnt, tsc, tscinvbit, avx, avx2, aes, erms, clmul, bmi1, bmi2, rtm, adx, avx512f, avx512dq, avx512cd, avx512bw, avx512vl, fma, vzeroupper, avx512_vnni, clflush, clflushopt, clwb, hv, rdtscp, f16c
Processor Information for all 2 processors :
  Max Mhz: 2594, Current Mhz: 2594, Mhz Limit: 2594

Memory: 4k page, system-wide physical 8140M (1776M free)
TotalPageFile size 10188M (AvailPageFile size 83M)
current process WorkingSet (physical memory assigned to process): 12M, peak: 12M
current process commit charge ("private bytes"): 48M, peak: 176M

vm_info: Java HotSpot(TM) 64-Bit Server VM (21.0.6+8-LTS-188) for windows-amd64 JRE (21.0.6+8-LTS-188), built on 2024-12-03T10:50:54Z by "mach5one" with MS VC++ 17.6 (VS2022)

END.
